# JRE version: OpenJDK Runtime Environment (11.0.10) (build 11.0.10+0-b96-7249189)
# Java VM: OpenJDK 64-Bit Server VM (11.0.10+0-b96-7249189, mixed mode, tiered, compressed oops, g1 gc, windows-amd64)
Heap:
 garbage-first heap   total 291840K, used 129740K [0x0000000080000000, 0x0000000100000000)
  region size 1024K, 5 young (5120K), 5 survivors (5120K)
 Metaspace       used 119667K, capacity 122901K, committed 123392K, reserved 1157120K
  class space    used 14898K, capacity 16030K, committed 16256K, reserved 1048576K
GC Heap History (20 events):
Event: 26.357 GC heap after
{Heap after GC invocations=45 (full 0):
 garbage-first heap   total 189440K, used 142153K [0x0000000080000000, 0x0000000100000000)
  region size 1024K, 1 young (1024K), 1 survivors (1024K)
 Metaspace       used 110202K, capacity 113297K, committed 114048K, reserved 1148928K
  class space    used 13964K, capacity 15063K, committed 15360K, reserved 1048576K
}
Event: 26.420 GC heap before
{Heap before GC invocations=45 (full 0):
 garbage-first heap   total 189440K, used 161609K [0x0000000080000000, 0x0000000100000000)
  region size 1024K, 20 young (20480K), 1 survivors (1024K)
 Metaspace       used 110204K, capacity 113297K, committed 114048K, reserved 1148928K
  class space    used 13964K, capacity 15063K, committed 15360K, reserved 1048576K
}
Event: 26.421 GC heap after
{Heap after GC invocations=46 (full 0):
 garbage-first heap   total 189440K, used 142105K [0x0000000080000000, 0x0000000100000000)
  region size 1024K, 1 young (1024K), 1 survivors (1024K)
 Metaspace       used 110204K, capacity 113297K, committed 114048K, reserved 1148928K
  class space    used 13964K, capacity 15063K, committed 15360K, reserved 1048576K
}
Event: 26.549 GC heap before
{Heap before GC invocations=47 (full 0):
 garbage-first heap   total 189440K, used 155417K [0x0000000080000000, 0x0000000100000000)
  region size 1024K, 15 young (15360K), 1 survivors (1024K)
 Metaspace       used 110313K, capacity 113399K, committed 114048K, reserved 1148928K
  class space    used 13972K, capacity 15097K, committed 15360K, reserved 1048576K
}
Event: 26.554 GC heap after
{Heap after GC invocations=48 (full 0):
 garbage-first heap   total 189440K, used 146930K [0x0000000080000000, 0x0000000100000000)
  region size 1024K, 3 young (3072K), 3 survivors (3072K)
 Metaspace       used 110313K, capacity 113399K, committed 114048K, reserved 1148928K
  class space    used 13972K, capacity 15097K, committed 15360K, reserved 1048576K
}
Event: 26.714 GC heap before
{Heap before GC invocations=49 (full 0):
 garbage-first heap   total 189440K, used 178674K [0x0000000080000000, 0x0000000100000000)
  region size 1024K, 18 young (18432K), 3 survivors (3072K)
 Metaspace       used 110780K, capacity 113806K, committed 114304K, reserved 1148928K
  class space    used 14004K, capacity 15114K, committed 15360K, reserved 1048576K
}
Event: 26.719 GC heap after
{Heap after GC invocations=50 (full 0):
 garbage-first heap   total 189440K, used 148650K [0x0000000080000000, 0x0000000100000000)
  region size 1024K, 3 young (3072K), 3 survivors (3072K)
 Metaspace       used 110780K, capacity 113806K, committed 114304K, reserved 1148928K
  class space    used 14004K, capacity 15114K, committed 15360K, reserved 1048576K
}
Event: 26.850 GC heap before
{Heap before GC invocations=50 (full 0):
 garbage-first heap   total 189440K, used 160938K [0x0000000080000000, 0x0000000100000000)
  region size 1024K, 16 young (16384K), 3 survivors (3072K)
 Metaspace       used 111804K, capacity 114950K, committed 115456K, reserved 1148928K
  class space    used 14095K, capacity 15250K, committed 15488K, reserved 1048576K
}
Event: 26.855 GC heap after
{Heap after GC invocations=51 (full 0):
 garbage-first heap   total 189440K, used 150506K [0x0000000080000000, 0x0000000100000000)
  region size 1024K, 2 young (2048K), 2 survivors (2048K)
 Metaspace       used 111804K, capacity 114950K, committed 115456K, reserved 1148928K
  class space    used 14095K, capacity 15250K, committed 15488K, reserved 1048576K
}
Event: 27.081 GC heap before
{Heap before GC invocations=52 (full 0):
 garbage-first heap   total 189440K, used 150506K [0x0000000080000000, 0x0000000100000000)
  region size 1024K, 14 young (14336K), 2 survivors (2048K)
 Metaspace       used 112991K, capacity 116152K, committed 116864K, reserved 1150976K
  class space    used 14201K, capacity 15327K, committed 15616K, reserved 1048576K
}
Event: 27.085 GC heap after
{Heap after GC invocations=53 (full 0):
 garbage-first heap   total 189440K, used 139787K [0x0000000080000000, 0x0000000100000000)
  region size 1024K, 2 young (2048K), 2 survivors (2048K)
 Metaspace       used 112991K, capacity 116152K, committed 116864K, reserved 1150976K
  class space    used 14201K, capacity 15327K, committed 15616K, reserved 1048576K
}
Event: 27.118 GC heap before
{Heap before GC invocations=53 (full 0):
 garbage-first heap   total 189440K, used 145931K [0x0000000080000000, 0x0000000100000000)
  region size 1024K, 9 young (9216K), 2 survivors (2048K)
 Metaspace       used 113892K, capacity 117081K, committed 117760K, reserved 1150976K
  class space    used 14283K, capacity 15423K, committed 15744K, reserved 1048576K
}
Event: 27.124 GC heap after
{Heap after GC invocations=54 (full 0):
 garbage-first heap   total 238592K, used 123806K [0x0000000080000000, 0x0000000100000000)
  region size 1024K, 1 young (1024K), 1 survivors (1024K)
 Metaspace       used 113892K, capacity 117081K, committed 117760K, reserved 1150976K
  class space    used 14283K, capacity 15423K, committed 15744K, reserved 1048576K
}
Event: 27.345 GC heap before
{Heap before GC invocations=54 (full 0):
 garbage-first heap   total 238592K, used 167838K [0x0000000080000000, 0x0000000100000000)
  region size 1024K, 45 young (46080K), 1 survivors (1024K)
 Metaspace       used 114352K, capacity 117535K, committed 118272K, reserved 1153024K
  class space    used 14300K, capacity 15424K, committed 15744K, reserved 1048576K
}
Event: 27.350 GC heap after
{Heap after GC invocations=55 (full 0):
 garbage-first heap   total 238592K, used 126370K [0x0000000080000000, 0x0000000100000000)
  region size 1024K, 4 young (4096K), 4 survivors (4096K)
 Metaspace       used 114352K, capacity 117535K, committed 118272K, reserved 1153024K
  class space    used 14300K, capacity 15424K, committed 15744K, reserved 1048576K
}
Event: 27.528 GC heap before
{Heap before GC invocations=55 (full 0):
 garbage-first heap   total 238592K, used 172450K [0x0000000080000000, 0x0000000100000000)
  region size 1024K, 50 young (51200K), 4 survivors (4096K)
 Metaspace       used 115351K, capacity 118561K, committed 119040K, reserved 1153024K
  class space    used 14371K, capacity 15488K, committed 15744K, reserved 1048576K
}
Event: 27.531 GC heap after
{Heap after GC invocations=56 (full 0):
 garbage-first heap   total 238592K, used 126788K [0x0000000080000000, 0x0000000100000000)
  region size 1024K, 4 young (4096K), 4 survivors (4096K)
 Metaspace       used 115351K, capacity 118561K, committed 119040K, reserved 1153024K
  class space    used 14371K, capacity 15488K, committed 15744K, reserved 1048576K
}
Event: 27.938 GC heap before
{Heap before GC invocations=56 (full 0):
 garbage-first heap   total 238592K, used 176964K [0x0000000080000000, 0x0000000100000000)
  region size 1024K, 54 young (55296K), 4 survivors (4096K)
 Metaspace       used 116346K, capacity 119559K, committed 120192K, reserved 1153024K
  class space    used 14479K, capacity 15603K, committed 15872K, reserved 1048576K
}
Event: 27.942 GC heap after
{Heap after GC invocations=57 (full 0):
 garbage-first heap   total 238592K, used 127661K [0x0000000080000000, 0x0000000100000000)
  region size 1024K, 4 young (4096K), 4 survivors (4096K)
 Metaspace       used 116346K, capacity 119559K, committed 120192K, reserved 1153024K
  class space    used 14479K, capacity 15603K, committed 15872K, reserved 1048576K
}
Event: 28.684 GC heap before
{Heap before GC invocations=57 (full 0):
 garbage-first heap   total 238592K, used 179885K [0x0000000080000000, 0x0000000100000000)
  region size 1024K, 56 young (57344K), 4 survivors (4096K)
 Metaspace       used 119667K, capacity 122901K, committed 123392K, reserved 1157120K
  class space    used 14898K, capacity 16030K, committed 16256K, reserved 1048576K
}

