# JRE version: OpenJDK Runtime Environment (11.0.10) (build 11.0.10+0-b96-7249189)
# Java VM: OpenJDK 64-Bit Server VM (11.0.10+0-b96-7249189, mixed mode, tiered, compressed oops, g1 gc, windows-amd64)
Heap:
 garbage-first heap   total 189440K, used 111980K [0x0000000080000000, 0x0000000100000000)
  region size 1024K, 58 young (59392K), 10 survivors (10240K)
 Metaspace       used 81503K, capacity 83910K, committed 83968K, reserved 1122304K
  class space    used 10694K, capacity 11565K, committed 11596K, reserved 1048576K
GC Heap History (20 events):
Event: 1.751 GC heap before
{Heap before GC invocations=4 (full 0):
 garbage-first heap   total 131072K, used 79474K [0x0000000080000000, 0x0000000100000000)
  region size 1024K, 63 young (64512K), 1 survivors (1024K)
 Metaspace       used 26554K, capacity 27202K, committed 27392K, reserved 1073152K
  class space    used 3503K, capacity 3756K, committed 3840K, reserved 1048576K
}
Event: 1.754 GC heap after
{Heap after GC invocations=5 (full 0):
 garbage-first heap   total 131072K, used 18893K [0x0000000080000000, 0x0000000100000000)
  region size 1024K, 3 young (3072K), 3 survivors (3072K)
 Metaspace       used 26554K, capacity 27202K, committed 27392K, reserved 1073152K
  class space    used 3503K, capacity 3756K, committed 3840K, reserved 1048576K
}
Event: 2.156 GC heap before
{Heap before GC invocations=5 (full 0):
 garbage-first heap   total 131072K, used 65997K [0x0000000080000000, 0x0000000100000000)
  region size 1024K, 51 young (52224K), 3 survivors (3072K)
 Metaspace       used 35032K, capacity 35830K, committed 35840K, reserved 1081344K
  class space    used 4539K, capacity 4864K, committed 4864K, reserved 1048576K
}
Event: 2.162 GC heap after
{Heap after GC invocations=6 (full 0):
 garbage-first heap   total 131072K, used 22197K [0x0000000080000000, 0x0000000100000000)
  region size 1024K, 6 young (6144K), 6 survivors (6144K)
 Metaspace       used 35032K, capacity 35830K, committed 35840K, reserved 1081344K
  class space    used 4539K, capacity 4864K, committed 4864K, reserved 1048576K
}
Event: 2.520 GC heap before
{Heap before GC invocations=7 (full 0):
 garbage-first heap   total 131072K, used 88757K [0x0000000080000000, 0x0000000100000000)
  region size 1024K, 69 young (70656K), 6 survivors (6144K)
 Metaspace       used 39560K, capacity 40526K, committed 40780K, reserved 1085440K
  class space    used 5065K, capacity 5422K, committed 5452K, reserved 1048576K
}
Event: 2.526 GC heap after
{Heap after GC invocations=8 (full 0):
 garbage-first heap   total 157696K, used 27425K [0x0000000080000000, 0x0000000100000000)
  region size 1024K, 9 young (9216K), 9 survivors (9216K)
 Metaspace       used 39560K, capacity 40526K, committed 40780K, reserved 1085440K
  class space    used 5065K, capacity 5422K, committed 5452K, reserved 1048576K
}
Event: 2.994 GC heap before
{Heap before GC invocations=8 (full 0):
 garbage-first heap   total 157696K, used 101153K [0x0000000080000000, 0x0000000100000000)
  region size 1024K, 81 young (82944K), 9 survivors (9216K)
 Metaspace       used 45890K, capacity 47094K, committed 47308K, reserved 1089536K
  class space    used 5882K, capacity 6305K, committed 6348K, reserved 1048576K
}
Event: 3.000 GC heap after
{Heap after GC invocations=9 (full 0):
 garbage-first heap   total 157696K, used 30400K [0x0000000080000000, 0x0000000100000000)
  region size 1024K, 9 young (9216K), 9 survivors (9216K)
 Metaspace       used 45890K, capacity 47094K, committed 47308K, reserved 1089536K
  class space    used 5882K, capacity 6305K, committed 6348K, reserved 1048576K
}
Event: 3.469 GC heap before
{Heap before GC invocations=9 (full 0):
 garbage-first heap   total 157696K, used 108224K [0x0000000080000000, 0x0000000100000000)
  region size 1024K, 82 young (83968K), 9 survivors (9216K)
 Metaspace       used 51886K, capacity 53240K, committed 53452K, reserved 1095680K
  class space    used 6628K, capacity 7102K, committed 7116K, reserved 1048576K
}
Event: 3.476 GC heap after
{Heap after GC invocations=10 (full 0):
 garbage-first heap   total 157696K, used 42706K [0x0000000080000000, 0x0000000100000000)
  region size 1024K, 11 young (11264K), 11 survivors (11264K)
 Metaspace       used 51886K, capacity 53240K, committed 53452K, reserved 1095680K
  class space    used 6628K, capacity 7102K, committed 7116K, reserved 1048576K
}
Event: 3.831 GC heap before
{Heap before GC invocations=10 (full 0):
 garbage-first heap   total 157696K, used 82642K [0x0000000080000000, 0x0000000100000000)
  region size 1024K, 51 young (52224K), 11 survivors (11264K)
 Metaspace       used 58549K, capacity 60055K, committed 60288K, reserved 1101824K
  class space    used 7447K, capacity 8006K, committed 8140K, reserved 1048576K
}
Event: 3.841 GC heap after
{Heap after GC invocations=11 (full 0):
 garbage-first heap   total 157696K, used 46026K [0x0000000080000000, 0x0000000100000000)
  region size 1024K, 3 young (3072K), 3 survivors (3072K)
 Metaspace       used 58549K, capacity 60055K, committed 60288K, reserved 1101824K
  class space    used 7447K, capacity 8006K, committed 8140K, reserved 1048576K
}
Event: 4.241 GC heap before
{Heap before GC invocations=12 (full 0):
 garbage-first heap   total 157696K, used 106442K [0x0000000080000000, 0x0000000100000000)
  region size 1024K, 62 young (63488K), 3 survivors (3072K)
 Metaspace       used 63169K, capacity 64699K, committed 65024K, reserved 1105920K
  class space    used 8056K, capacity 8643K, committed 8780K, reserved 1048576K
}
Event: 4.249 GC heap after
{Heap after GC invocations=13 (full 0):
 garbage-first heap   total 189440K, used 50528K [0x0000000080000000, 0x0000000100000000)
  region size 1024K, 8 young (8192K), 8 survivors (8192K)
 Metaspace       used 63169K, capacity 64699K, committed 65024K, reserved 1105920K
  class space    used 8056K, capacity 8643K, committed 8780K, reserved 1048576K
}
Event: 4.787 GC heap before
{Heap before GC invocations=14 (full 0):
 garbage-first heap   total 189440K, used 123232K [0x0000000080000000, 0x0000000100000000)
  region size 1024K, 79 young (80896K), 8 survivors (8192K)
 Metaspace       used 69480K, capacity 71191K, committed 71296K, reserved 1112064K
  class space    used 9016K, capacity 9620K, committed 9676K, reserved 1048576K
}
Event: 4.794 GC heap after
{Heap after GC invocations=15 (full 0):
 garbage-first heap   total 189440K, used 55583K [0x0000000080000000, 0x0000000100000000)
  region size 1024K, 6 young (6144K), 6 survivors (6144K)
 Metaspace       used 69480K, capacity 71191K, committed 71296K, reserved 1112064K
  class space    used 9016K, capacity 9620K, committed 9676K, reserved 1048576K
}
Event: 5.342 GC heap before
{Heap before GC invocations=15 (full 0):
 garbage-first heap   total 189440K, used 129311K [0x0000000080000000, 0x0000000100000000)
  region size 1024K, 78 young (79872K), 6 survivors (6144K)
 Metaspace       used 77032K, capacity 78871K, committed 79104K, reserved 1118208K
  class space    used 10091K, capacity 10739K, committed 10828K, reserved 1048576K
}
Event: 5.347 GC heap after
{Heap after GC invocations=16 (full 0):
 garbage-first heap   total 189440K, used 60015K [0x0000000080000000, 0x0000000100000000)
  region size 1024K, 10 young (10240K), 10 survivors (10240K)
 Metaspace       used 77032K, capacity 78871K, committed 79104K, reserved 1118208K
  class space    used 10091K, capacity 10739K, committed 10828K, reserved 1048576K
}
Event: 5.673 GC heap before
{Heap before GC invocations=16 (full 0):
 garbage-first heap   total 189440K, used 133743K [0x0000000080000000, 0x0000000100000000)
  region size 1024K, 83 young (84992K), 10 survivors (10240K)
 Metaspace       used 79422K, capacity 81855K, committed 82048K, reserved 1120256K
  class space    used 10500K, capacity 11385K, committed 11468K, reserved 1048576K
}
Event: 5.680 GC heap after
{Heap after GC invocations=17 (full 0):
 garbage-first heap   total 189440K, used 64876K [0x0000000080000000, 0x0000000100000000)
  region size 1024K, 10 young (10240K), 10 survivors (10240K)
 Metaspace       used 79422K, capacity 81855K, committed 82048K, reserved 1120256K
  class space    used 10500K, capacity 11385K, committed 11468K, reserved 1048576K
}

