# JRE version: OpenJDK Runtime Environment (11.0.10) (build 11.0.10+0-b96-7249189)
# Java VM: OpenJDK 64-Bit Server VM (11.0.10+0-b96-7249189, mixed mode, tiered, compressed oops, g1 gc, windows-amd64)
Heap:
 garbage-first heap   total 189440K, used 55112K [0x0000000080000000, 0x0000000100000000)
  region size 1024K, 5 young (5120K), 5 survivors (5120K)
 Metaspace       used 68848K, capacity 70430K, committed 70784K, reserved 1110016K
  class space    used 8932K, capacity 9538K, committed 9676K, reserved 1048576K
GC Heap History (20 events):
Event: 0.429 GC heap after
{Heap after GC invocations=1 (full 0):
 garbage-first heap   total 131072K, used 9219K [0x0000000080000000, 0x0000000100000000)
  region size 1024K, 3 young (3072K), 3 survivors (3072K)
 Metaspace       used 10171K, capacity 10363K, committed 10624K, reserved 1058816K
  class space    used 1065K, capacity 1141K, committed 1152K, reserved 1048576K
}
Event: 1.211 GC heap before
{Heap before GC invocations=1 (full 0):
 garbage-first heap   total 131072K, used 83971K [0x0000000080000000, 0x0000000100000000)
  region size 1024K, 76 young (77824K), 3 survivors (3072K)
 Metaspace       used 17745K, capacity 18161K, committed 18432K, reserved 1064960K
  class space    used 2103K, capacity 2240K, committed 2304K, reserved 1048576K
}
Event: 1.215 GC heap after
{Heap after GC invocations=2 (full 0):
 garbage-first heap   total 131072K, used 16027K [0x0000000080000000, 0x0000000100000000)
  region size 1024K, 10 young (10240K), 10 survivors (10240K)
 Metaspace       used 17745K, capacity 18161K, committed 18432K, reserved 1064960K
  class space    used 2103K, capacity 2240K, committed 2304K, reserved 1048576K
}
Event: 1.343 GC heap before
{Heap before GC invocations=2 (full 0):
 garbage-first heap   total 131072K, used 36507K [0x0000000080000000, 0x0000000100000000)
  region size 1024K, 32 young (32768K), 10 survivors (10240K)
 Metaspace       used 20605K, capacity 21124K, committed 21248K, reserved 1067008K
  class space    used 2520K, capacity 2722K, committed 2816K, reserved 1048576K
}
Event: 1.347 GC heap after
{Heap after GC invocations=3 (full 0):
 garbage-first heap   total 131072K, used 16726K [0x0000000080000000, 0x0000000100000000)
  region size 1024K, 1 young (1024K), 1 survivors (1024K)
 Metaspace       used 20605K, capacity 21124K, committed 21248K, reserved 1067008K
  class space    used 2520K, capacity 2722K, committed 2816K, reserved 1048576K
}
Event: 1.669 GC heap before
{Heap before GC invocations=4 (full 0):
 garbage-first heap   total 131072K, used 73046K [0x0000000080000000, 0x0000000100000000)
  region size 1024K, 56 young (57344K), 1 survivors (1024K)
 Metaspace       used 26080K, capacity 26755K, committed 27008K, reserved 1073152K
  class space    used 3423K, capacity 3668K, committed 3712K, reserved 1048576K
}
Event: 1.671 GC heap after
{Heap after GC invocations=5 (full 0):
 garbage-first heap   total 131072K, used 18456K [0x0000000080000000, 0x0000000100000000)
  region size 1024K, 3 young (3072K), 3 survivors (3072K)
 Metaspace       used 26080K, capacity 26755K, committed 27008K, reserved 1073152K
  class space    used 3423K, capacity 3668K, committed 3712K, reserved 1048576K
}
Event: 2.106 GC heap before
{Heap before GC invocations=5 (full 0):
 garbage-first heap   total 131072K, used 72728K [0x0000000080000000, 0x0000000100000000)
  region size 1024K, 57 young (58368K), 3 survivors (3072K)
 Metaspace       used 35028K, capacity 35830K, committed 35840K, reserved 1081344K
  class space    used 4541K, capacity 4864K, committed 4864K, reserved 1048576K
}
Event: 2.112 GC heap after
{Heap after GC invocations=6 (full 0):
 garbage-first heap   total 131072K, used 21911K [0x0000000080000000, 0x0000000100000000)
  region size 1024K, 6 young (6144K), 6 survivors (6144K)
 Metaspace       used 35028K, capacity 35830K, committed 35840K, reserved 1081344K
  class space    used 4541K, capacity 4864K, committed 4864K, reserved 1048576K
}
Event: 2.468 GC heap before
{Heap before GC invocations=7 (full 0):
 garbage-first heap   total 131072K, used 86423K [0x0000000080000000, 0x0000000100000000)
  region size 1024K, 67 young (68608K), 6 survivors (6144K)
 Metaspace       used 39511K, capacity 40430K, committed 40524K, reserved 1085440K
  class space    used 5057K, capacity 5390K, committed 5452K, reserved 1048576K
}
Event: 2.473 GC heap after
{Heap after GC invocations=8 (full 0):
 garbage-first heap   total 131072K, used 26997K [0x0000000080000000, 0x0000000100000000)
  region size 1024K, 9 young (9216K), 9 survivors (9216K)
 Metaspace       used 39511K, capacity 40430K, committed 40524K, reserved 1085440K
  class space    used 5057K, capacity 5390K, committed 5452K, reserved 1048576K
}
Event: 2.828 GC heap before
{Heap before GC invocations=8 (full 0):
 garbage-first heap   total 131072K, used 89461K [0x0000000080000000, 0x0000000100000000)
  region size 1024K, 70 young (71680K), 9 survivors (9216K)
 Metaspace       used 45091K, capacity 46173K, committed 46412K, reserved 1089536K
  class space    used 5803K, capacity 6192K, committed 6220K, reserved 1048576K
}
Event: 2.833 GC heap after
{Heap after GC invocations=9 (full 0):
 garbage-first heap   total 157696K, used 28877K [0x0000000080000000, 0x0000000100000000)
  region size 1024K, 3 young (3072K), 3 survivors (3072K)
 Metaspace       used 45091K, capacity 46173K, committed 46412K, reserved 1089536K
  class space    used 5803K, capacity 6192K, committed 6220K, reserved 1048576K
}
Event: 3.315 GC heap before
{Heap before GC invocations=9 (full 0):
 garbage-first heap   total 157696K, used 106701K [0x0000000080000000, 0x0000000100000000)
  region size 1024K, 76 young (77824K), 3 survivors (3072K)
 Metaspace       used 50021K, capacity 51324K, committed 51532K, reserved 1093632K
  class space    used 6406K, capacity 6869K, committed 6988K, reserved 1048576K
}
Event: 3.320 GC heap after
{Heap after GC invocations=10 (full 0):
 garbage-first heap   total 157696K, used 41927K [0x0000000080000000, 0x0000000100000000)
  region size 1024K, 10 young (10240K), 10 survivors (10240K)
 Metaspace       used 50021K, capacity 51324K, committed 51532K, reserved 1093632K
  class space    used 6406K, capacity 6869K, committed 6988K, reserved 1048576K
}
Event: 3.781 GC heap before
{Heap before GC invocations=10 (full 0):
 garbage-first heap   total 157696K, used 95175K [0x0000000080000000, 0x0000000100000000)
  region size 1024K, 63 young (64512K), 10 survivors (10240K)
 Metaspace       used 58479K, capacity 60065K, committed 60288K, reserved 1101824K
  class space    used 7444K, capacity 8008K, committed 8140K, reserved 1048576K
}
Event: 3.791 GC heap after
{Heap after GC invocations=11 (full 0):
 garbage-first heap   total 157696K, used 45523K [0x0000000080000000, 0x0000000100000000)
  region size 1024K, 4 young (4096K), 4 survivors (4096K)
 Metaspace       used 58479K, capacity 60065K, committed 60288K, reserved 1101824K
  class space    used 7444K, capacity 8008K, committed 8140K, reserved 1048576K
}
Event: 4.181 GC heap before
{Heap before GC invocations=12 (full 0):
 garbage-first heap   total 157696K, used 109011K [0x0000000080000000, 0x0000000100000000)
  region size 1024K, 66 young (67584K), 4 survivors (4096K)
 Metaspace       used 63202K, capacity 64871K, committed 65024K, reserved 1105920K
  class space    used 8067K, capacity 8679K, committed 8780K, reserved 1048576K
}
Event: 4.189 GC heap after
{Heap after GC invocations=13 (full 0):
 garbage-first heap   total 157696K, used 50595K [0x0000000080000000, 0x0000000100000000)
  region size 1024K, 9 young (9216K), 9 survivors (9216K)
 Metaspace       used 63202K, capacity 64871K, committed 65024K, reserved 1105920K
  class space    used 8067K, capacity 8679K, committed 8780K, reserved 1048576K
}
Event: 4.633 GC heap before
{Heap before GC invocations=14 (full 0):
 garbage-first heap   total 157696K, used 113059K [0x0000000080000000, 0x0000000100000000)
  region size 1024K, 70 young (71680K), 9 survivors (9216K)
 Metaspace       used 68848K, capacity 70430K, committed 70784K, reserved 1110016K
  class space    used 8932K, capacity 9538K, committed 9676K, reserved 1048576K
}

