# JRE version: OpenJDK Runtime Environment (11.0.10) (build 11.0.10+0-b96-7249189)
# Java VM: OpenJDK 64-Bit Server VM (11.0.10+0-b96-7249189, mixed mode, tiered, compressed oops, g1 gc, windows-amd64)
Heap:
 garbage-first heap   total 227328K, used 111135K [0x0000000080000000, 0x0000000100000000)
  region size 1024K, 30 young (30720K), 13 survivors (13312K)
 Metaspace       used 85928K, capacity 88382K, committed 88652K, reserved 1126400K
  class space    used 11090K, capacity 12003K, committed 12108K, reserved 1048576K
GC Heap History (20 events):
Event: 2.590 GC heap before
{Heap before GC invocations=8 (full 0):
 garbage-first heap   total 131072K, used 84983K [0x0000000080000000, 0x0000000100000000)
  region size 1024K, 63 young (64512K), 4 survivors (4096K)
 Metaspace       used 39360K, capacity 40267K, committed 40448K, reserved 1085440K
  class space    used 5036K, capacity 5357K, committed 5376K, reserved 1048576K
}
Event: 2.596 GC heap after
{Heap after GC invocations=9 (full 0):
 garbage-first heap   total 157696K, used 27209K [0x0000000080000000, 0x0000000100000000)
  region size 1024K, 8 young (8192K), 8 survivors (8192K)
 Metaspace       used 39360K, capacity 40267K, committed 40448K, reserved 1085440K
  class space    used 5036K, capacity 5357K, committed 5376K, reserved 1048576K
}
Event: 3.045 GC heap before
{Heap before GC invocations=9 (full 0):
 garbage-first heap   total 157696K, used 99913K [0x0000000080000000, 0x0000000100000000)
  region size 1024K, 79 young (80896K), 8 survivors (8192K)
 Metaspace       used 45665K, capacity 46882K, committed 47104K, reserved 1089536K
  class space    used 5876K, capacity 6300K, committed 6400K, reserved 1048576K
}
Event: 3.050 GC heap after
{Heap after GC invocations=10 (full 0):
 garbage-first heap   total 157696K, used 29947K [0x0000000080000000, 0x0000000100000000)
  region size 1024K, 8 young (8192K), 8 survivors (8192K)
 Metaspace       used 45665K, capacity 46882K, committed 47104K, reserved 1089536K
  class space    used 5876K, capacity 6300K, committed 6400K, reserved 1048576K
}
Event: 3.580 GC heap before
{Heap before GC invocations=10 (full 0):
 garbage-first heap   total 157696K, used 107771K [0x0000000080000000, 0x0000000100000000)
  region size 1024K, 81 young (82944K), 8 survivors (8192K)
 Metaspace       used 51010K, capacity 52340K, committed 52608K, reserved 1095680K
  class space    used 6532K, capacity 6970K, committed 7040K, reserved 1048576K
}
Event: 3.586 GC heap after
{Heap after GC invocations=11 (full 0):
 garbage-first heap   total 157696K, used 42733K [0x0000000080000000, 0x0000000100000000)
  region size 1024K, 11 young (11264K), 11 survivors (11264K)
 Metaspace       used 51010K, capacity 52340K, committed 52608K, reserved 1095680K
  class space    used 6532K, capacity 6970K, committed 7040K, reserved 1048576K
}
Event: 3.979 GC heap before
{Heap before GC invocations=11 (full 0):
 garbage-first heap   total 157696K, used 88813K [0x0000000080000000, 0x0000000100000000)
  region size 1024K, 57 young (58368K), 11 survivors (11264K)
 Metaspace       used 58524K, capacity 60087K, committed 60160K, reserved 1101824K
  class space    used 7450K, capacity 8037K, committed 8064K, reserved 1048576K
}
Event: 3.991 GC heap after
{Heap after GC invocations=12 (full 0):
 garbage-first heap   total 157696K, used 46094K [0x0000000080000000, 0x0000000100000000)
  region size 1024K, 4 young (4096K), 4 survivors (4096K)
 Metaspace       used 58524K, capacity 60087K, committed 60160K, reserved 1101824K
  class space    used 7450K, capacity 8037K, committed 8064K, reserved 1048576K
}
Event: 4.385 GC heap before
{Heap before GC invocations=13 (full 0):
 garbage-first heap   total 157696K, used 107534K [0x0000000080000000, 0x0000000100000000)
  region size 1024K, 64 young (65536K), 4 survivors (4096K)
 Metaspace       used 63167K, capacity 64762K, committed 64972K, reserved 1105920K
  class space    used 8063K, capacity 8642K, committed 8652K, reserved 1048576K
}
Event: 4.394 GC heap after
{Heap after GC invocations=14 (full 0):
 garbage-first heap   total 189440K, used 50668K [0x0000000080000000, 0x0000000100000000)
  region size 1024K, 8 young (8192K), 8 survivors (8192K)
 Metaspace       used 63167K, capacity 64762K, committed 64972K, reserved 1105920K
  class space    used 8063K, capacity 8642K, committed 8652K, reserved 1048576K
}
Event: 4.998 GC heap before
{Heap before GC invocations=15 (full 0):
 garbage-first heap   total 189440K, used 126444K [0x0000000080000000, 0x0000000100000000)
  region size 1024K, 82 young (83968K), 8 survivors (8192K)
 Metaspace       used 69788K, capacity 71435K, committed 71628K, reserved 1112064K
  class space    used 9072K, capacity 9658K, committed 9676K, reserved 1048576K
}
Event: 5.005 GC heap after
{Heap after GC invocations=16 (full 0):
 garbage-first heap   total 189440K, used 56164K [0x0000000080000000, 0x0000000100000000)
  region size 1024K, 11 young (11264K), 11 survivors (11264K)
 Metaspace       used 69788K, capacity 71435K, committed 71628K, reserved 1112064K
  class space    used 9072K, capacity 9658K, committed 9676K, reserved 1048576K
}
Event: 5.846 GC heap before
{Heap before GC invocations=16 (full 0):
 garbage-first heap   total 189440K, used 130916K [0x0000000080000000, 0x0000000100000000)
  region size 1024K, 85 young (87040K), 11 survivors (11264K)
 Metaspace       used 77522K, capacity 79419K, committed 79564K, reserved 1118208K
  class space    used 10194K, capacity 10856K, committed 10956K, reserved 1048576K
}
Event: 5.853 GC heap after
{Heap after GC invocations=17 (full 0):
 garbage-first heap   total 189440K, used 61534K [0x0000000080000000, 0x0000000100000000)
  region size 1024K, 11 young (11264K), 11 survivors (11264K)
 Metaspace       used 77522K, capacity 79419K, committed 79564K, reserved 1118208K
  class space    used 10194K, capacity 10856K, committed 10956K, reserved 1048576K
}
Event: 6.189 GC heap before
{Heap before GC invocations=17 (full 0):
 garbage-first heap   total 189440K, used 136286K [0x0000000080000000, 0x0000000100000000)
  region size 1024K, 85 young (87040K), 11 survivors (11264K)
 Metaspace       used 79500K, capacity 81828K, committed 82124K, reserved 1120256K
  class space    used 10506K, capacity 11397K, committed 11468K, reserved 1048576K
}
Event: 6.197 GC heap after
{Heap after GC invocations=18 (full 0):
 garbage-first heap   total 189440K, used 65919K [0x0000000080000000, 0x0000000100000000)
  region size 1024K, 10 young (10240K), 10 survivors (10240K)
 Metaspace       used 79500K, capacity 81828K, committed 82124K, reserved 1120256K
  class space    used 10506K, capacity 11397K, committed 11468K, reserved 1048576K
}
Event: 6.769 GC heap before
{Heap before GC invocations=18 (full 0):
 garbage-first heap   total 189440K, used 140671K [0x0000000080000000, 0x0000000100000000)
  region size 1024K, 84 young (86016K), 10 survivors (10240K)
 Metaspace       used 82011K, capacity 84351K, committed 84684K, reserved 1122304K
  class space    used 10723K, capacity 11606K, committed 11724K, reserved 1048576K
}
Event: 6.779 GC heap after
{Heap after GC invocations=19 (full 0):
 garbage-first heap   total 227328K, used 73080K [0x0000000080000000, 0x0000000100000000)
  region size 1024K, 11 young (11264K), 11 survivors (11264K)
 Metaspace       used 82011K, capacity 84351K, committed 84684K, reserved 1122304K
  class space    used 10723K, capacity 11606K, committed 11724K, reserved 1048576K
}
Event: 7.875 GC heap before
{Heap before GC invocations=19 (full 0):
 garbage-first heap   total 227328K, used 174456K [0x0000000080000000, 0x0000000100000000)
  region size 1024K, 99 young (101376K), 11 survivors (11264K)
 Metaspace       used 85898K, capacity 88318K, committed 88652K, reserved 1126400K
  class space    used 11089K, capacity 12003K, committed 12108K, reserved 1048576K
}
Event: 7.892 GC heap after
{Heap after GC invocations=20 (full 0):
 garbage-first heap   total 227328K, used 94751K [0x0000000080000000, 0x0000000100000000)
  region size 1024K, 13 young (13312K), 13 survivors (13312K)
 Metaspace       used 85898K, capacity 88318K, committed 88652K, reserved 1126400K
  class space    used 11089K, capacity 12003K, committed 12108K, reserved 1048576K
}

