# JRE version: OpenJDK Runtime Environment (11.0.10) (build 11.0.10+0-b96-7249189)
# Java VM: OpenJDK 64-Bit Server VM (11.0.10+0-b96-7249189, mixed mode, tiered, compressed oops, g1 gc, windows-amd64)
Heap:
 garbage-first heap   total 227328K, used 71047K [0x0000000080000000, 0x0000000100000000)
  region size 1024K, 11 young (11264K), 11 survivors (11264K)
 Metaspace       used 81806K, capacity 84269K, committed 84480K, reserved 1122304K
  class space    used 10697K, capacity 11577K, committed 11596K, reserved 1048576K
GC Heap History (20 events):
Event: 1.772 GC heap after
{Heap after GC invocations=5 (full 0):
 garbage-first heap   total 131072K, used 18559K [0x0000000080000000, 0x0000000100000000)
  region size 1024K, 3 young (3072K), 3 survivors (3072K)
 Metaspace       used 26079K, capacity 26753K, committed 27008K, reserved 1073152K
  class space    used 3423K, capacity 3667K, committed 3712K, reserved 1048576K
}
Event: 2.255 GC heap before
{Heap before GC invocations=5 (full 0):
 garbage-first heap   total 131072K, used 71807K [0x0000000080000000, 0x0000000100000000)
  region size 1024K, 57 young (58368K), 3 survivors (3072K)
 Metaspace       used 35014K, capacity 35830K, committed 35840K, reserved 1081344K
  class space    used 4541K, capacity 4864K, committed 4864K, reserved 1048576K
}
Event: 2.262 GC heap after
{Heap after GC invocations=6 (full 0):
 garbage-first heap   total 131072K, used 22033K [0x0000000080000000, 0x0000000100000000)
  region size 1024K, 6 young (6144K), 6 survivors (6144K)
 Metaspace       used 35014K, capacity 35830K, committed 35840K, reserved 1081344K
  class space    used 4541K, capacity 4864K, committed 4864K, reserved 1048576K
}
Event: 2.687 GC heap before
{Heap before GC invocations=7 (full 0):
 garbage-first heap   total 131072K, used 87569K [0x0000000080000000, 0x0000000100000000)
  region size 1024K, 68 young (69632K), 6 survivors (6144K)
 Metaspace       used 39530K, capacity 40526K, committed 40780K, reserved 1085440K
  class space    used 5064K, capacity 5422K, committed 5452K, reserved 1048576K
}
Event: 2.693 GC heap after
{Heap after GC invocations=8 (full 0):
 garbage-first heap   total 157696K, used 27094K [0x0000000080000000, 0x0000000100000000)
  region size 1024K, 9 young (9216K), 9 survivors (9216K)
 Metaspace       used 39530K, capacity 40526K, committed 40780K, reserved 1085440K
  class space    used 5064K, capacity 5422K, committed 5452K, reserved 1048576K
}
Event: 3.154 GC heap before
{Heap before GC invocations=8 (full 0):
 garbage-first heap   total 157696K, used 99798K [0x0000000080000000, 0x0000000100000000)
  region size 1024K, 80 young (81920K), 9 survivors (9216K)
 Metaspace       used 45805K, capacity 46952K, committed 47052K, reserved 1089536K
  class space    used 5879K, capacity 6300K, committed 6348K, reserved 1048576K
}
Event: 3.159 GC heap after
{Heap after GC invocations=9 (full 0):
 garbage-first heap   total 157696K, used 30051K [0x0000000080000000, 0x0000000100000000)
  region size 1024K, 8 young (8192K), 8 survivors (8192K)
 Metaspace       used 45805K, capacity 46952K, committed 47052K, reserved 1089536K
  class space    used 5879K, capacity 6300K, committed 6348K, reserved 1048576K
}
Event: 3.676 GC heap before
{Heap before GC invocations=9 (full 0):
 garbage-first heap   total 157696K, used 107875K [0x0000000080000000, 0x0000000100000000)
  region size 1024K, 81 young (82944K), 8 survivors (8192K)
 Metaspace       used 51568K, capacity 52955K, committed 53196K, reserved 1095680K
  class space    used 6595K, capacity 7071K, committed 7116K, reserved 1048576K
}
Event: 3.683 GC heap after
{Heap after GC invocations=10 (full 0):
 garbage-first heap   total 157696K, used 42783K [0x0000000080000000, 0x0000000100000000)
  region size 1024K, 11 young (11264K), 11 survivors (11264K)
 Metaspace       used 51568K, capacity 52955K, committed 53196K, reserved 1095680K
  class space    used 6595K, capacity 7071K, committed 7116K, reserved 1048576K
}
Event: 4.082 GC heap before
{Heap before GC invocations=10 (full 0):
 garbage-first heap   total 157696K, used 84767K [0x0000000080000000, 0x0000000100000000)
  region size 1024K, 53 young (54272K), 11 survivors (11264K)
 Metaspace       used 58539K, capacity 60062K, committed 60288K, reserved 1101824K
  class space    used 7451K, capacity 8007K, committed 8140K, reserved 1048576K
}
Event: 4.092 GC heap after
{Heap after GC invocations=11 (full 0):
 garbage-first heap   total 157696K, used 45951K [0x0000000080000000, 0x0000000100000000)
  region size 1024K, 3 young (3072K), 3 survivors (3072K)
 Metaspace       used 58539K, capacity 60062K, committed 60288K, reserved 1101824K
  class space    used 7451K, capacity 8007K, committed 8140K, reserved 1048576K
}
Event: 4.503 GC heap before
{Heap before GC invocations=12 (full 0):
 garbage-first heap   total 157696K, used 106367K [0x0000000080000000, 0x0000000100000000)
  region size 1024K, 62 young (63488K), 3 survivors (3072K)
 Metaspace       used 63147K, capacity 64705K, committed 65024K, reserved 1105920K
  class space    used 8061K, capacity 8644K, committed 8780K, reserved 1048576K
}
Event: 4.512 GC heap after
{Heap after GC invocations=13 (full 0):
 garbage-first heap   total 189440K, used 50507K [0x0000000080000000, 0x0000000100000000)
  region size 1024K, 8 young (8192K), 8 survivors (8192K)
 Metaspace       used 63147K, capacity 64705K, committed 65024K, reserved 1105920K
  class space    used 8061K, capacity 8644K, committed 8780K, reserved 1048576K
}
Event: 5.056 GC heap before
{Heap before GC invocations=14 (full 0):
 garbage-first heap   total 189440K, used 124235K [0x0000000080000000, 0x0000000100000000)
  region size 1024K, 80 young (81920K), 8 survivors (8192K)
 Metaspace       used 69505K, capacity 71133K, committed 71296K, reserved 1112064K
  class space    used 9029K, capacity 9621K, committed 9676K, reserved 1048576K
}
Event: 5.063 GC heap after
{Heap after GC invocations=15 (full 0):
 garbage-first heap   total 189440K, used 55941K [0x0000000080000000, 0x0000000100000000)
  region size 1024K, 6 young (6144K), 6 survivors (6144K)
 Metaspace       used 69505K, capacity 71133K, committed 71296K, reserved 1112064K
  class space    used 9029K, capacity 9621K, committed 9676K, reserved 1048576K
}
Event: 5.621 GC heap before
{Heap before GC invocations=15 (full 0):
 garbage-first heap   total 189440K, used 128645K [0x0000000080000000, 0x0000000100000000)
  region size 1024K, 78 young (79872K), 6 survivors (6144K)
 Metaspace       used 77124K, capacity 79030K, committed 79104K, reserved 1118208K
  class space    used 10122K, capacity 10790K, committed 10828K, reserved 1048576K
}
Event: 5.628 GC heap after
{Heap after GC invocations=16 (full 0):
 garbage-first heap   total 189440K, used 60325K [0x0000000080000000, 0x0000000100000000)
  region size 1024K, 10 young (10240K), 10 survivors (10240K)
 Metaspace       used 77124K, capacity 79030K, committed 79104K, reserved 1118208K
  class space    used 10122K, capacity 10790K, committed 10828K, reserved 1048576K
}
Event: 5.981 GC heap before
{Heap before GC invocations=16 (full 0):
 garbage-first heap   total 189440K, used 134053K [0x0000000080000000, 0x0000000100000000)
  region size 1024K, 83 young (84992K), 10 survivors (10240K)
 Metaspace       used 79325K, capacity 81713K, committed 82048K, reserved 1120256K
  class space    used 10491K, capacity 11359K, committed 11468K, reserved 1048576K
}
Event: 5.990 GC heap after
{Heap after GC invocations=17 (full 0):
 garbage-first heap   total 189440K, used 65044K [0x0000000080000000, 0x0000000100000000)
  region size 1024K, 10 young (10240K), 10 survivors (10240K)
 Metaspace       used 79325K, capacity 81713K, committed 82048K, reserved 1120256K
  class space    used 10491K, capacity 11359K, committed 11468K, reserved 1048576K
}
Event: 6.510 GC heap before
{Heap before GC invocations=17 (full 0):
 garbage-first heap   total 189440K, used 138772K [0x0000000080000000, 0x0000000100000000)
  region size 1024K, 83 young (84992K), 10 survivors (10240K)
 Metaspace       used 81806K, capacity 84269K, committed 84480K, reserved 1122304K
  class space    used 10697K, capacity 11577K, committed 11596K, reserved 1048576K
}

