# JRE version: OpenJDK Runtime Environment (11.0.10) (build 11.0.10+0-b96-7249189)
# Java VM: OpenJDK 64-Bit Server VM (11.0.10+0-b96-7249189, mixed mode, tiered, compressed oops, g1 gc, windows-amd64)
Heap:
 garbage-first heap   total 157696K, used 72714K [0x0000000080000000, 0x0000000100000000)
  region size 1024K, 31 young (31744K), 9 survivors (9216K)
 Metaspace       used 64171K, capacity 65730K, committed 66176K, reserved 1105920K
  class space    used 8174K, capacity 8730K, committed 8908K, reserved 1048576K
GC Heap History (20 events):
Event: 1.266 GC heap before
{Heap before GC invocations=1 (full 0):
 garbage-first heap   total 131072K, used 85003K [0x0000000080000000, 0x0000000100000000)
  region size 1024K, 76 young (77824K), 3 survivors (3072K)
 Metaspace       used 17888K, capacity 18257K, committed 18432K, reserved 1064960K
  class space    used 2133K, capacity 2272K, committed 2304K, reserved 1048576K
}
Event: 1.270 GC heap after
{Heap after GC invocations=2 (full 0):
 garbage-first heap   total 131072K, used 16936K [0x0000000080000000, 0x0000000100000000)
  region size 1024K, 10 young (10240K), 10 survivors (10240K)
 Metaspace       used 17888K, capacity 18257K, committed 18432K, reserved 1064960K
  class space    used 2133K, capacity 2272K, committed 2304K, reserved 1048576K
}
Event: 1.402 GC heap before
{Heap before GC invocations=2 (full 0):
 garbage-first heap   total 131072K, used 37416K [0x0000000080000000, 0x0000000100000000)
  region size 1024K, 31 young (31744K), 10 survivors (10240K)
 Metaspace       used 20589K, capacity 21124K, committed 21248K, reserved 1067008K
  class space    used 2520K, capacity 2722K, committed 2816K, reserved 1048576K
}
Event: 1.407 GC heap after
{Heap after GC invocations=3 (full 0):
 garbage-first heap   total 131072K, used 17264K [0x0000000080000000, 0x0000000100000000)
  region size 1024K, 1 young (1024K), 1 survivors (1024K)
 Metaspace       used 20589K, capacity 21124K, committed 21248K, reserved 1067008K
  class space    used 2520K, capacity 2722K, committed 2816K, reserved 1048576K
}
Event: 1.710 GC heap before
{Heap before GC invocations=4 (full 0):
 garbage-first heap   total 131072K, used 65392K [0x0000000080000000, 0x0000000100000000)
  region size 1024K, 49 young (50176K), 1 survivors (1024K)
 Metaspace       used 25598K, capacity 26168K, committed 26496K, reserved 1073152K
  class space    used 3355K, capacity 3600K, committed 3712K, reserved 1048576K
}
Event: 1.712 GC heap after
{Heap after GC invocations=5 (full 0):
 garbage-first heap   total 131072K, used 18822K [0x0000000080000000, 0x0000000100000000)
  region size 1024K, 3 young (3072K), 3 survivors (3072K)
 Metaspace       used 25598K, capacity 26168K, committed 26496K, reserved 1073152K
  class space    used 3355K, capacity 3600K, committed 3712K, reserved 1048576K
}
Event: 2.128 GC heap before
{Heap before GC invocations=5 (full 0):
 garbage-first heap   total 131072K, used 73094K [0x0000000080000000, 0x0000000100000000)
  region size 1024K, 56 young (57344K), 3 survivors (3072K)
 Metaspace       used 32438K, capacity 33209K, committed 33280K, reserved 1077248K
  class space    used 4235K, capacity 4544K, committed 4608K, reserved 1048576K
}
Event: 2.130 GC heap after
{Heap after GC invocations=6 (full 0):
 garbage-first heap   total 131072K, used 21590K [0x0000000080000000, 0x0000000100000000)
  region size 1024K, 6 young (6144K), 6 survivors (6144K)
 Metaspace       used 32438K, capacity 33209K, committed 33280K, reserved 1077248K
  class space    used 4235K, capacity 4544K, committed 4608K, reserved 1048576K
}
Event: 2.221 GC heap before
{Heap before GC invocations=6 (full 0):
 garbage-first heap   total 131072K, used 28758K [0x0000000080000000, 0x0000000100000000)
  region size 1024K, 14 young (14336K), 6 survivors (6144K)
 Metaspace       used 35007K, capacity 35830K, committed 35840K, reserved 1081344K
  class space    used 4540K, capacity 4864K, committed 4864K, reserved 1048576K
}
Event: 2.228 GC heap after
{Heap after GC invocations=7 (full 0):
 garbage-first heap   total 131072K, used 22705K [0x0000000080000000, 0x0000000100000000)
  region size 1024K, 4 young (4096K), 4 survivors (4096K)
 Metaspace       used 35007K, capacity 35830K, committed 35840K, reserved 1081344K
  class space    used 4540K, capacity 4864K, committed 4864K, reserved 1048576K
}
Event: 2.637 GC heap before
{Heap before GC invocations=8 (full 0):
 garbage-first heap   total 131072K, used 87217K [0x0000000080000000, 0x0000000100000000)
  region size 1024K, 64 young (65536K), 4 survivors (4096K)
 Metaspace       used 39394K, capacity 40299K, committed 40524K, reserved 1085440K
  class space    used 5038K, capacity 5389K, committed 5452K, reserved 1048576K
}
Event: 2.643 GC heap after
{Heap after GC invocations=9 (full 0):
 garbage-first heap   total 131072K, used 27398K [0x0000000080000000, 0x0000000100000000)
  region size 1024K, 8 young (8192K), 8 survivors (8192K)
 Metaspace       used 39394K, capacity 40299K, committed 40524K, reserved 1085440K
  class space    used 5038K, capacity 5389K, committed 5452K, reserved 1048576K
}
Event: 3.039 GC heap before
{Heap before GC invocations=9 (full 0):
 garbage-first heap   total 131072K, used 88838K [0x0000000080000000, 0x0000000100000000)
  region size 1024K, 68 young (69632K), 8 survivors (8192K)
 Metaspace       used 44864K, capacity 46029K, committed 46156K, reserved 1089536K
  class space    used 5773K, capacity 6187K, committed 6220K, reserved 1048576K
}
Event: 3.045 GC heap after
{Heap after GC invocations=10 (full 0):
 garbage-first heap   total 157696K, used 29763K [0x0000000080000000, 0x0000000100000000)
  region size 1024K, 7 young (7168K), 7 survivors (7168K)
 Metaspace       used 44864K, capacity 46029K, committed 46156K, reserved 1089536K
  class space    used 5773K, capacity 6187K, committed 6220K, reserved 1048576K
}
Event: 3.566 GC heap before
{Heap before GC invocations=10 (full 0):
 garbage-first heap   total 157696K, used 107587K [0x0000000080000000, 0x0000000100000000)
  region size 1024K, 79 young (80896K), 7 survivors (7168K)
 Metaspace       used 49487K, capacity 50817K, committed 50892K, reserved 1093632K
  class space    used 6332K, capacity 6806K, committed 6860K, reserved 1048576K
}
Event: 3.574 GC heap after
{Heap after GC invocations=11 (full 0):
 garbage-first heap   total 157696K, used 42296K [0x0000000080000000, 0x0000000100000000)
  region size 1024K, 10 young (10240K), 10 survivors (10240K)
 Metaspace       used 49487K, capacity 50817K, committed 50892K, reserved 1093632K
  class space    used 6332K, capacity 6806K, committed 6860K, reserved 1048576K
}
Event: 4.090 GC heap before
{Heap before GC invocations=11 (full 0):
 garbage-first heap   total 157696K, used 99640K [0x0000000080000000, 0x0000000100000000)
  region size 1024K, 67 young (68608K), 10 survivors (10240K)
 Metaspace       used 58540K, capacity 60078K, committed 60288K, reserved 1101824K
  class space    used 7450K, capacity 8012K, committed 8140K, reserved 1048576K
}
Event: 4.103 GC heap after
{Heap after GC invocations=12 (full 0):
 garbage-first heap   total 157696K, used 46316K [0x0000000080000000, 0x0000000100000000)
  region size 1024K, 4 young (4096K), 4 survivors (4096K)
 Metaspace       used 58540K, capacity 60078K, committed 60288K, reserved 1101824K
  class space    used 7450K, capacity 8012K, committed 8140K, reserved 1048576K
}
Event: 4.535 GC heap before
{Heap before GC invocations=13 (full 0):
 garbage-first heap   total 157696K, used 110828K [0x0000000080000000, 0x0000000100000000)
  region size 1024K, 67 young (68608K), 4 survivors (4096K)
 Metaspace       used 63205K, capacity 64882K, committed 65024K, reserved 1105920K
  class space    used 8066K, capacity 8683K, committed 8780K, reserved 1048576K
}
Event: 4.544 GC heap after
{Heap after GC invocations=14 (full 0):
 garbage-first heap   total 157696K, used 51210K [0x0000000080000000, 0x0000000100000000)
  region size 1024K, 9 young (9216K), 9 survivors (9216K)
 Metaspace       used 63205K, capacity 64882K, committed 65024K, reserved 1105920K
  class space    used 8066K, capacity 8683K, committed 8780K, reserved 1048576K
}

