# JRE version: OpenJDK Runtime Environment (11.0.10) (build 11.0.10+0-b96-7249189)
# Java VM: OpenJDK 64-Bit Server VM (11.0.10+0-b96-7249189, mixed mode, tiered, compressed oops, g1 gc, windows-amd64)
Heap:
 garbage-first heap   total 157696K, used 60640K [0x0000000080000000, 0x0000000100000000)
  region size 1024K, 19 young (19456K), 8 survivors (8192K)
 Metaspace       used 63152K, capacity 64727K, committed 65024K, reserved 1105920K
  class space    used 8041K, capacity 8631K, committed 8780K, reserved 1048576K
GC Heap History (20 events):
Event: 0.434 GC heap before
{Heap before GC invocations=0 (full 0):
 garbage-first heap   total 131072K, used 29696K [0x0000000080000000, 0x0000000100000000)
  region size 1024K, 24 young (24576K), 0 survivors (0K)
 Metaspace       used 10179K, capacity 10363K, committed 10624K, reserved 1058816K
  class space    used 1065K, capacity 1141K, committed 1152K, reserved 1048576K
}
Event: 0.438 GC heap after
{Heap after GC invocations=1 (full 0):
 garbage-first heap   total 131072K, used 9252K [0x0000000080000000, 0x0000000100000000)
  region size 1024K, 3 young (3072K), 3 survivors (3072K)
 Metaspace       used 10179K, capacity 10363K, committed 10624K, reserved 1058816K
  class space    used 1065K, capacity 1141K, committed 1152K, reserved 1048576K
}
Event: 1.240 GC heap before
{Heap before GC invocations=1 (full 0):
 garbage-first heap   total 131072K, used 84004K [0x0000000080000000, 0x0000000100000000)
  region size 1024K, 76 young (77824K), 3 survivors (3072K)
 Metaspace       used 17736K, capacity 18161K, committed 18432K, reserved 1064960K
  class space    used 2103K, capacity 2240K, committed 2304K, reserved 1048576K
}
Event: 1.244 GC heap after
{Heap after GC invocations=2 (full 0):
 garbage-first heap   total 131072K, used 15799K [0x0000000080000000, 0x0000000100000000)
  region size 1024K, 10 young (10240K), 10 survivors (10240K)
 Metaspace       used 17736K, capacity 18161K, committed 18432K, reserved 1064960K
  class space    used 2103K, capacity 2240K, committed 2304K, reserved 1048576K
}
Event: 1.383 GC heap before
{Heap before GC invocations=2 (full 0):
 garbage-first heap   total 131072K, used 37303K [0x0000000080000000, 0x0000000100000000)
  region size 1024K, 32 young (32768K), 10 survivors (10240K)
 Metaspace       used 20596K, capacity 21124K, committed 21248K, reserved 1067008K
  class space    used 2520K, capacity 2722K, committed 2816K, reserved 1048576K
}
Event: 1.388 GC heap after
{Heap after GC invocations=3 (full 0):
 garbage-first heap   total 131072K, used 17075K [0x0000000080000000, 0x0000000100000000)
  region size 1024K, 1 young (1024K), 1 survivors (1024K)
 Metaspace       used 20596K, capacity 21124K, committed 21248K, reserved 1067008K
  class space    used 2520K, capacity 2722K, committed 2816K, reserved 1048576K
}
Event: 1.764 GC heap before
{Heap before GC invocations=4 (full 0):
 garbage-first heap   total 131072K, used 78515K [0x0000000080000000, 0x0000000100000000)
  region size 1024K, 62 young (63488K), 1 survivors (1024K)
 Metaspace       used 26464K, capacity 27136K, committed 27392K, reserved 1073152K
  class space    used 3491K, capacity 3755K, committed 3840K, reserved 1048576K
}
Event: 1.766 GC heap after
{Heap after GC invocations=5 (full 0):
 garbage-first heap   total 131072K, used 18775K [0x0000000080000000, 0x0000000100000000)
  region size 1024K, 3 young (3072K), 3 survivors (3072K)
 Metaspace       used 26464K, capacity 27136K, committed 27392K, reserved 1073152K
  class space    used 3491K, capacity 3755K, committed 3840K, reserved 1048576K
}
Event: 2.319 GC heap before
{Heap before GC invocations=5 (full 0):
 garbage-first heap   total 131072K, used 67927K [0x0000000080000000, 0x0000000100000000)
  region size 1024K, 52 young (53248K), 3 survivors (3072K)
 Metaspace       used 35020K, capacity 35830K, committed 35840K, reserved 1081344K
  class space    used 4540K, capacity 4864K, committed 4864K, reserved 1048576K
}
Event: 2.326 GC heap after
{Heap after GC invocations=6 (full 0):
 garbage-first heap   total 131072K, used 22209K [0x0000000080000000, 0x0000000100000000)
  region size 1024K, 6 young (6144K), 6 survivors (6144K)
 Metaspace       used 35020K, capacity 35830K, committed 35840K, reserved 1081344K
  class space    used 4540K, capacity 4864K, committed 4864K, reserved 1048576K
}
Event: 2.786 GC heap before
{Heap before GC invocations=7 (full 0):
 garbage-first heap   total 131072K, used 88769K [0x0000000080000000, 0x0000000100000000)
  region size 1024K, 69 young (70656K), 6 survivors (6144K)
 Metaspace       used 39558K, capacity 40526K, committed 40780K, reserved 1085440K
  class space    used 5069K, capacity 5422K, committed 5452K, reserved 1048576K
}
Event: 2.792 GC heap after
{Heap after GC invocations=8 (full 0):
 garbage-first heap   total 131072K, used 27364K [0x0000000080000000, 0x0000000100000000)
  region size 1024K, 9 young (9216K), 9 survivors (9216K)
 Metaspace       used 39558K, capacity 40526K, committed 40780K, reserved 1085440K
  class space    used 5069K, capacity 5422K, committed 5452K, reserved 1048576K
}
Event: 3.176 GC heap before
{Heap before GC invocations=8 (full 0):
 garbage-first heap   total 131072K, used 90852K [0x0000000080000000, 0x0000000100000000)
  region size 1024K, 71 young (72704K), 9 survivors (9216K)
 Metaspace       used 45352K, capacity 46545K, committed 46796K, reserved 1089536K
  class space    used 5831K, capacity 6229K, committed 6348K, reserved 1048576K
}
Event: 3.184 GC heap after
{Heap after GC invocations=9 (full 0):
 garbage-first heap   total 157696K, used 29347K [0x0000000080000000, 0x0000000100000000)
  region size 1024K, 3 young (3072K), 3 survivors (3072K)
 Metaspace       used 45352K, capacity 46545K, committed 46796K, reserved 1089536K
  class space    used 5831K, capacity 6229K, committed 6348K, reserved 1048576K
}
Event: 3.733 GC heap before
{Heap before GC invocations=9 (full 0):
 garbage-first heap   total 157696K, used 109219K [0x0000000080000000, 0x0000000100000000)
  region size 1024K, 78 young (79872K), 3 survivors (3072K)
 Metaspace       used 50710K, capacity 51996K, committed 52044K, reserved 1093632K
  class space    used 6492K, capacity 6942K, committed 6988K, reserved 1048576K
}
Event: 3.739 GC heap after
{Heap after GC invocations=10 (full 0):
 garbage-first heap   total 157696K, used 42463K [0x0000000080000000, 0x0000000100000000)
  region size 1024K, 10 young (10240K), 10 survivors (10240K)
 Metaspace       used 50710K, capacity 51996K, committed 52044K, reserved 1093632K
  class space    used 6492K, capacity 6942K, committed 6988K, reserved 1048576K
}
Event: 4.196 GC heap before
{Heap before GC invocations=10 (full 0):
 garbage-first heap   total 157696K, used 90591K [0x0000000080000000, 0x0000000100000000)
  region size 1024K, 58 young (59392K), 10 survivors (10240K)
 Metaspace       used 58563K, capacity 60073K, committed 60288K, reserved 1101824K
  class space    used 7449K, capacity 8012K, committed 8140K, reserved 1048576K
}
Event: 4.205 GC heap after
{Heap after GC invocations=11 (full 0):
 garbage-first heap   total 157696K, used 45559K [0x0000000080000000, 0x0000000100000000)
  region size 1024K, 4 young (4096K), 4 survivors (4096K)
 Metaspace       used 58563K, capacity 60073K, committed 60288K, reserved 1101824K
  class space    used 7449K, capacity 8012K, committed 8140K, reserved 1048576K
}
Event: 4.612 GC heap before
{Heap before GC invocations=12 (full 0):
 garbage-first heap   total 157696K, used 108023K [0x0000000080000000, 0x0000000100000000)
  region size 1024K, 65 young (66560K), 4 survivors (4096K)
 Metaspace       used 63205K, capacity 64787K, committed 65024K, reserved 1105920K
  class space    used 8064K, capacity 8651K, committed 8780K, reserved 1048576K
}
Event: 4.620 GC heap after
{Heap after GC invocations=13 (full 0):
 garbage-first heap   total 157696K, used 50400K [0x0000000080000000, 0x0000000100000000)
  region size 1024K, 8 young (8192K), 8 survivors (8192K)
 Metaspace       used 63205K, capacity 64787K, committed 65024K, reserved 1105920K
  class space    used 8064K, capacity 8651K, committed 8780K, reserved 1048576K
}

