# JRE version: OpenJDK Runtime Environment (11.0.10) (build 11.0.10+0-b96-7249189)
# Java VM: OpenJDK 64-Bit Server VM (11.0.10+0-b96-7249189, mixed mode, tiered, compressed oops, g1 gc, windows-amd64)
Heap:
 garbage-first heap   total 157696K, used 111277K [0x0000000080000000, 0x0000000100000000)
  region size 1024K, 57 young (58368K), 5 survivors (5120K)
 Metaspace       used 49537K, capacity 51120K, committed 51200K, reserved 1093632K
  class space    used 6370K, capacity 6873K, committed 6912K, reserved 1048576K
GC Heap History (18 events):
Event: 0.417 GC heap before
{Heap before GC invocations=0 (full 0):
 garbage-first heap   total 131072K, used 29696K [0x0000000080000000, 0x0000000100000000)
  region size 1024K, 24 young (24576K), 0 survivors (0K)
 Metaspace       used 10185K, capacity 10363K, committed 10624K, reserved 1058816K
  class space    used 1065K, capacity 1141K, committed 1152K, reserved 1048576K
}
Event: 0.421 GC heap after
{Heap after GC invocations=1 (full 0):
 garbage-first heap   total 131072K, used 9095K [0x0000000080000000, 0x0000000100000000)
  region size 1024K, 3 young (3072K), 3 survivors (3072K)
 Metaspace       used 10185K, capacity 10363K, committed 10624K, reserved 1058816K
  class space    used 1065K, capacity 1141K, committed 1152K, reserved 1048576K
}
Event: 1.205 GC heap before
{Heap before GC invocations=1 (full 0):
 garbage-first heap   total 131072K, used 83847K [0x0000000080000000, 0x0000000100000000)
  region size 1024K, 76 young (77824K), 3 survivors (3072K)
 Metaspace       used 17816K, capacity 18288K, committed 18432K, reserved 1064960K
  class space    used 2114K, capacity 2251K, committed 2304K, reserved 1048576K
}
Event: 1.209 GC heap after
{Heap after GC invocations=2 (full 0):
 garbage-first heap   total 131072K, used 16846K [0x0000000080000000, 0x0000000100000000)
  region size 1024K, 10 young (10240K), 10 survivors (10240K)
 Metaspace       used 17816K, capacity 18288K, committed 18432K, reserved 1064960K
  class space    used 2114K, capacity 2251K, committed 2304K, reserved 1048576K
}
Event: 1.338 GC heap before
{Heap before GC invocations=2 (full 0):
 garbage-first heap   total 131072K, used 38350K [0x0000000080000000, 0x0000000100000000)
  region size 1024K, 32 young (32768K), 10 survivors (10240K)
 Metaspace       used 20581K, capacity 21123K, committed 21248K, reserved 1067008K
  class space    used 2514K, capacity 2733K, committed 2816K, reserved 1048576K
}
Event: 1.342 GC heap after
{Heap after GC invocations=3 (full 0):
 garbage-first heap   total 131072K, used 16968K [0x0000000080000000, 0x0000000100000000)
  region size 1024K, 1 young (1024K), 1 survivors (1024K)
 Metaspace       used 20581K, capacity 21123K, committed 21248K, reserved 1067008K
  class space    used 2514K, capacity 2733K, committed 2816K, reserved 1048576K
}
Event: 1.632 GC heap before
{Heap before GC invocations=4 (full 0):
 garbage-first heap   total 131072K, used 66120K [0x0000000080000000, 0x0000000100000000)
  region size 1024K, 49 young (50176K), 1 survivors (1024K)
 Metaspace       used 25864K, capacity 26494K, committed 26752K, reserved 1073152K
  class space    used 3388K, capacity 3635K, committed 3712K, reserved 1048576K
}
Event: 1.634 GC heap after
{Heap after GC invocations=5 (full 0):
 garbage-first heap   total 131072K, used 18664K [0x0000000080000000, 0x0000000100000000)
  region size 1024K, 3 young (3072K), 3 survivors (3072K)
 Metaspace       used 25864K, capacity 26494K, committed 26752K, reserved 1073152K
  class space    used 3388K, capacity 3635K, committed 3712K, reserved 1048576K
}
Event: 1.966 GC heap before
{Heap before GC invocations=5 (full 0):
 garbage-first heap   total 131072K, used 82152K [0x0000000080000000, 0x0000000100000000)
  region size 1024K, 56 young (57344K), 3 survivors (3072K)
 Metaspace       used 30514K, capacity 31288K, committed 31360K, reserved 1077248K
  class space    used 4134K, capacity 4421K, committed 4480K, reserved 1048576K
}
Event: 1.968 GC heap after
{Heap after GC invocations=6 (full 0):
 garbage-first heap   total 131072K, used 32648K [0x0000000080000000, 0x0000000100000000)
  region size 1024K, 7 young (7168K), 7 survivors (7168K)
 Metaspace       used 30514K, capacity 31288K, committed 31360K, reserved 1077248K
  class space    used 4134K, capacity 4421K, committed 4480K, reserved 1048576K
}
Event: 2.136 GC heap before
{Heap before GC invocations=6 (full 0):
 garbage-first heap   total 131072K, used 44936K [0x0000000080000000, 0x0000000100000000)
  region size 1024K, 20 young (20480K), 7 survivors (7168K)
 Metaspace       used 34706K, capacity 35683K, committed 35840K, reserved 1081344K
  class space    used 4532K, capacity 4863K, committed 4864K, reserved 1048576K
}
Event: 2.144 GC heap after
{Heap after GC invocations=7 (full 0):
 garbage-first heap   total 131072K, used 34543K [0x0000000080000000, 0x0000000100000000)
  region size 1024K, 6 young (6144K), 6 survivors (6144K)
 Metaspace       used 34706K, capacity 35683K, committed 35840K, reserved 1081344K
  class space    used 4532K, capacity 4863K, committed 4864K, reserved 1048576K
}
Event: 2.530 GC heap before
{Heap before GC invocations=8 (full 0):
 garbage-first heap   total 131072K, used 90863K [0x0000000080000000, 0x0000000100000000)
  region size 1024K, 58 young (59392K), 6 survivors (6144K)
 Metaspace       used 39851K, capacity 40966K, committed 41216K, reserved 1085440K
  class space    used 5124K, capacity 5535K, committed 5632K, reserved 1048576K
}
Event: 2.534 GC heap after
{Heap after GC invocations=9 (full 0):
 garbage-first heap   total 131072K, used 39037K [0x0000000080000000, 0x0000000100000000)
  region size 1024K, 6 young (6144K), 6 survivors (6144K)
 Metaspace       used 39851K, capacity 40966K, committed 41216K, reserved 1085440K
  class space    used 5124K, capacity 5535K, committed 5632K, reserved 1048576K
}
Event: 2.881 GC heap before
{Heap before GC invocations=9 (full 0):
 garbage-first heap   total 131072K, used 100477K [0x0000000080000000, 0x0000000100000000)
  region size 1024K, 58 young (59392K), 6 survivors (6144K)
 Metaspace       used 43945K, capacity 45199K, committed 45440K, reserved 1089536K
  class space    used 5547K, capacity 5979K, committed 6016K, reserved 1048576K
}
Event: 2.886 GC heap after
{Heap after GC invocations=10 (full 0):
 garbage-first heap   total 157696K, used 51304K [0x0000000080000000, 0x0000000100000000)
  region size 1024K, 8 young (8192K), 8 survivors (8192K)
 Metaspace       used 43945K, capacity 45199K, committed 45440K, reserved 1089536K
  class space    used 5547K, capacity 5979K, committed 6016K, reserved 1048576K
}
Event: 3.212 GC heap before
{Heap before GC invocations=10 (full 0):
 garbage-first heap   total 157696K, used 111720K [0x0000000080000000, 0x0000000100000000)
  region size 1024K, 67 young (68608K), 8 survivors (8192K)
 Metaspace       used 47181K, capacity 48632K, committed 48768K, reserved 1091584K
  class space    used 6072K, capacity 6527K, committed 6528K, reserved 1048576K
}
Event: 3.218 GC heap after
{Heap after GC invocations=11 (full 0):
 garbage-first heap   total 157696K, used 55981K [0x0000000080000000, 0x0000000100000000)
  region size 1024K, 5 young (5120K), 5 survivors (5120K)
 Metaspace       used 47181K, capacity 48632K, committed 48768K, reserved 1091584K
  class space    used 6072K, capacity 6527K, committed 6528K, reserved 1048576K
}

