# JRE version: OpenJDK Runtime Environment (11.0.10) (build 11.0.10+0-b96-7249189)
# Java VM: OpenJDK 64-Bit Server VM (11.0.10+0-b96-7249189, mixed mode, tiered, compressed oops, g1 gc, windows-amd64)
Heap:
 garbage-first heap   total 189440K, used 82472K [0x0000000080000000, 0x0000000100000000)
  region size 1024K, 28 young (28672K), 5 survivors (5120K)
 Metaspace       used 77669K, capacity 79556K, committed 79820K, reserved 1118208K
  class space    used 10168K, capacity 10829K, committed 10956K, reserved 1048576K
GC Heap History (20 events):
Event: 1.362 GC heap before
{Heap before GC invocations=2 (full 0):
 garbage-first heap   total 131072K, used 37238K [0x0000000080000000, 0x0000000100000000)
  region size 1024K, 32 young (32768K), 10 survivors (10240K)
 Metaspace       used 20603K, capacity 21128K, committed 21248K, reserved 1067008K
  class space    used 2518K, capacity 2722K, committed 2816K, reserved 1048576K
}
Event: 1.367 GC heap after
{Heap after GC invocations=3 (full 0):
 garbage-first heap   total 131072K, used 16846K [0x0000000080000000, 0x0000000100000000)
  region size 1024K, 1 young (1024K), 1 survivors (1024K)
 Metaspace       used 20603K, capacity 21128K, committed 21248K, reserved 1067008K
  class space    used 2518K, capacity 2722K, committed 2816K, reserved 1048576K
}
Event: 1.788 GC heap before
{Heap before GC invocations=4 (full 0):
 garbage-first heap   total 131072K, used 90574K [0x0000000080000000, 0x0000000100000000)
  region size 1024K, 73 young (74752K), 1 survivors (1024K)
 Metaspace       used 27696K, capacity 28311K, committed 28544K, reserved 1073152K
  class space    used 3675K, capacity 3930K, committed 3968K, reserved 1048576K
}
Event: 1.790 GC heap after
{Heap after GC invocations=5 (full 0):
 garbage-first heap   total 131072K, used 19096K [0x0000000080000000, 0x0000000100000000)
  region size 1024K, 4 young (4096K), 4 survivors (4096K)
 Metaspace       used 27696K, capacity 28311K, committed 28544K, reserved 1073152K
  class space    used 3675K, capacity 3930K, committed 3968K, reserved 1048576K
}
Event: 2.159 GC heap before
{Heap before GC invocations=5 (full 0):
 garbage-first heap   total 131072K, used 54936K [0x0000000080000000, 0x0000000100000000)
  region size 1024K, 41 young (41984K), 4 survivors (4096K)
 Metaspace       used 35018K, capacity 35802K, committed 35840K, reserved 1081344K
  class space    used 4544K, capacity 4832K, committed 4864K, reserved 1048576K
}
Event: 2.166 GC heap after
{Heap after GC invocations=6 (full 0):
 garbage-first heap   total 131072K, used 21996K [0x0000000080000000, 0x0000000100000000)
  region size 1024K, 6 young (6144K), 6 survivors (6144K)
 Metaspace       used 35018K, capacity 35802K, committed 35840K, reserved 1081344K
  class space    used 4544K, capacity 4832K, committed 4864K, reserved 1048576K
}
Event: 2.584 GC heap before
{Heap before GC invocations=7 (full 0):
 garbage-first heap   total 131072K, used 95724K [0x0000000080000000, 0x0000000100000000)
  region size 1024K, 76 young (77824K), 6 survivors (6144K)
 Metaspace       used 40234K, capacity 41195K, committed 41472K, reserved 1085440K
  class space    used 5187K, capacity 5531K, committed 5632K, reserved 1048576K
}
Event: 2.591 GC heap after
{Heap after GC invocations=8 (full 0):
 garbage-first heap   total 157696K, used 27653K [0x0000000080000000, 0x0000000100000000)
  region size 1024K, 9 young (9216K), 9 survivors (9216K)
 Metaspace       used 40234K, capacity 41195K, committed 41472K, reserved 1085440K
  class space    used 5187K, capacity 5531K, committed 5632K, reserved 1048576K
}
Event: 3.143 GC heap before
{Heap before GC invocations=8 (full 0):
 garbage-first heap   total 157696K, used 109573K [0x0000000080000000, 0x0000000100000000)
  region size 1024K, 89 young (91136K), 9 survivors (9216K)
 Metaspace       used 46657K, capacity 47952K, committed 48256K, reserved 1091584K
  class space    used 6009K, capacity 6462K, committed 6528K, reserved 1048576K
}
Event: 3.149 GC heap after
{Heap after GC invocations=9 (full 0):
 garbage-first heap   total 157696K, used 30569K [0x0000000080000000, 0x0000000100000000)
  region size 1024K, 9 young (9216K), 9 survivors (9216K)
 Metaspace       used 46657K, capacity 47952K, committed 48256K, reserved 1091584K
  class space    used 6009K, capacity 6462K, committed 6528K, reserved 1048576K
}
Event: 3.762 GC heap before
{Heap before GC invocations=9 (full 0):
 garbage-first heap   total 157696K, used 118633K [0x0000000080000000, 0x0000000100000000)
  region size 1024K, 92 young (94208K), 9 survivors (9216K)
 Metaspace       used 55891K, capacity 57440K, committed 57600K, reserved 1099776K
  class space    used 7119K, capacity 7663K, committed 7680K, reserved 1048576K
}
Event: 3.769 GC heap after
{Heap after GC invocations=10 (full 0):
 garbage-first heap   total 157696K, used 43419K [0x0000000080000000, 0x0000000100000000)
  region size 1024K, 12 young (12288K), 12 survivors (12288K)
 Metaspace       used 55891K, capacity 57440K, committed 57600K, reserved 1099776K
  class space    used 7119K, capacity 7663K, committed 7680K, reserved 1048576K
}
Event: 3.913 GC heap before
{Heap before GC invocations=10 (full 0):
 garbage-first heap   total 157696K, used 57755K [0x0000000080000000, 0x0000000100000000)
  region size 1024K, 27 young (27648K), 12 survivors (12288K)
 Metaspace       used 58600K, capacity 60119K, committed 60160K, reserved 1101824K
  class space    used 7465K, capacity 8046K, committed 8064K, reserved 1048576K
}
Event: 3.923 GC heap after
{Heap after GC invocations=11 (full 0):
 garbage-first heap   total 157696K, used 46776K [0x0000000080000000, 0x0000000100000000)
  region size 1024K, 3 young (3072K), 3 survivors (3072K)
 Metaspace       used 58600K, capacity 60119K, committed 60160K, reserved 1101824K
  class space    used 7465K, capacity 8046K, committed 8064K, reserved 1048576K
}
Event: 4.307 GC heap before
{Heap before GC invocations=12 (full 0):
 garbage-first heap   total 157696K, used 100024K [0x0000000080000000, 0x0000000100000000)
  region size 1024K, 55 young (56320K), 3 survivors (3072K)
 Metaspace       used 63026K, capacity 64594K, committed 64716K, reserved 1105920K
  class space    used 8039K, capacity 8585K, committed 8652K, reserved 1048576K
}
Event: 4.313 GC heap after
{Heap after GC invocations=13 (full 0):
 garbage-first heap   total 189440K, used 49459K [0x0000000080000000, 0x0000000100000000)
  region size 1024K, 6 young (6144K), 6 survivors (6144K)
 Metaspace       used 63026K, capacity 64594K, committed 64716K, reserved 1105920K
  class space    used 8039K, capacity 8585K, committed 8652K, reserved 1048576K
}
Event: 4.784 GC heap before
{Heap before GC invocations=14 (full 0):
 garbage-first heap   total 189440K, used 120115K [0x0000000080000000, 0x0000000100000000)
  region size 1024K, 75 young (76800K), 6 survivors (6144K)
 Metaspace       used 68651K, capacity 70325K, committed 70476K, reserved 1110016K
  class space    used 8903K, capacity 9503K, committed 9548K, reserved 1048576K
}
Event: 4.790 GC heap after
{Heap after GC invocations=15 (full 0):
 garbage-first heap   total 189440K, used 55359K [0x0000000080000000, 0x0000000100000000)
  region size 1024K, 10 young (10240K), 10 survivors (10240K)
 Metaspace       used 68651K, capacity 70325K, committed 70476K, reserved 1110016K
  class space    used 8903K, capacity 9503K, committed 9548K, reserved 1048576K
}
Event: 5.378 GC heap before
{Heap before GC invocations=15 (full 0):
 garbage-first heap   total 189440K, used 127039K [0x0000000080000000, 0x0000000100000000)
  region size 1024K, 80 young (81920K), 10 survivors (10240K)
 Metaspace       used 76003K, capacity 77777K, committed 77900K, reserved 1116160K
  class space    used 9904K, capacity 10534K, committed 10572K, reserved 1048576K
}
Event: 5.386 GC heap after
{Heap after GC invocations=16 (full 0):
 garbage-first heap   total 189440K, used 59944K [0x0000000080000000, 0x0000000100000000)
  region size 1024K, 5 young (5120K), 5 survivors (5120K)
 Metaspace       used 76003K, capacity 77777K, committed 77900K, reserved 1116160K
  class space    used 9904K, capacity 10534K, committed 10572K, reserved 1048576K
}

