# JRE version: OpenJDK Runtime Environment (11.0.10) (build 11.0.10+0-b96-7249189)
# Java VM: OpenJDK 64-Bit Server VM (11.0.10+0-b96-7249189, mixed mode, tiered, compressed oops, g1 gc, windows-amd64)
Heap:
 garbage-first heap   total 189440K, used 55838K [0x0000000080000000, 0x0000000100000000)
  region size 1024K, 7 young (7168K), 6 survivors (6144K)
 Metaspace       used 69637K, capacity 71337K, committed 71372K, reserved 1112064K
  class space    used 9045K, capacity 9666K, committed 9676K, reserved 1048576K
GC Heap History (20 events):
Event: 1.233 GC heap before
{Heap before GC invocations=1 (full 0):
 garbage-first heap   total 131072K, used 83867K [0x0000000080000000, 0x0000000100000000)
  region size 1024K, 76 young (77824K), 3 survivors (3072K)
 Metaspace       used 17732K, capacity 18161K, committed 18432K, reserved 1064960K
  class space    used 2103K, capacity 2240K, committed 2304K, reserved 1048576K
}
Event: 1.238 GC heap after
{Heap after GC invocations=2 (full 0):
 garbage-first heap   total 131072K, used 16590K [0x0000000080000000, 0x0000000100000000)
  region size 1024K, 10 young (10240K), 10 survivors (10240K)
 Metaspace       used 17732K, capacity 18161K, committed 18432K, reserved 1064960K
  class space    used 2103K, capacity 2240K, committed 2304K, reserved 1048576K
}
Event: 1.415 GC heap before
{Heap before GC invocations=2 (full 0):
 garbage-first heap   total 131072K, used 38094K [0x0000000080000000, 0x0000000100000000)
  region size 1024K, 32 young (32768K), 10 survivors (10240K)
 Metaspace       used 20597K, capacity 21124K, committed 21248K, reserved 1067008K
  class space    used 2520K, capacity 2722K, committed 2816K, reserved 1048576K
}
Event: 1.420 GC heap after
{Heap after GC invocations=3 (full 0):
 garbage-first heap   total 131072K, used 16845K [0x0000000080000000, 0x0000000100000000)
  region size 1024K, 1 young (1024K), 1 survivors (1024K)
 Metaspace       used 20597K, capacity 21124K, committed 21248K, reserved 1067008K
  class space    used 2520K, capacity 2722K, committed 2816K, reserved 1048576K
}
Event: 1.833 GC heap before
{Heap before GC invocations=4 (full 0):
 garbage-first heap   total 131072K, used 64973K [0x0000000080000000, 0x0000000100000000)
  region size 1024K, 49 young (50176K), 1 survivors (1024K)
 Metaspace       used 25629K, capacity 26296K, committed 26496K, reserved 1073152K
  class space    used 3356K, capacity 3600K, committed 3712K, reserved 1048576K
}
Event: 1.835 GC heap after
{Heap after GC invocations=5 (full 0):
 garbage-first heap   total 131072K, used 18369K [0x0000000080000000, 0x0000000100000000)
  region size 1024K, 3 young (3072K), 3 survivors (3072K)
 Metaspace       used 25629K, capacity 26296K, committed 26496K, reserved 1073152K
  class space    used 3356K, capacity 3600K, committed 3712K, reserved 1048576K
}
Event: 2.300 GC heap before
{Heap before GC invocations=5 (full 0):
 garbage-first heap   total 131072K, used 72641K [0x0000000080000000, 0x0000000100000000)
  region size 1024K, 56 young (57344K), 3 survivors (3072K)
 Metaspace       used 32445K, capacity 33177K, committed 33280K, reserved 1077248K
  class space    used 4235K, capacity 4512K, committed 4608K, reserved 1048576K
}
Event: 2.303 GC heap after
{Heap after GC invocations=6 (full 0):
 garbage-first heap   total 131072K, used 21104K [0x0000000080000000, 0x0000000100000000)
  region size 1024K, 6 young (6144K), 6 survivors (6144K)
 Metaspace       used 32445K, capacity 33177K, committed 33280K, reserved 1077248K
  class space    used 4235K, capacity 4512K, committed 4608K, reserved 1048576K
}
Event: 2.395 GC heap before
{Heap before GC invocations=6 (full 0):
 garbage-first heap   total 131072K, used 28272K [0x0000000080000000, 0x0000000100000000)
  region size 1024K, 14 young (14336K), 6 survivors (6144K)
 Metaspace       used 35008K, capacity 35830K, committed 35840K, reserved 1081344K
  class space    used 4539K, capacity 4864K, committed 4864K, reserved 1048576K
}
Event: 2.401 GC heap after
{Heap after GC invocations=7 (full 0):
 garbage-first heap   total 131072K, used 22127K [0x0000000080000000, 0x0000000100000000)
  region size 1024K, 4 young (4096K), 4 survivors (4096K)
 Metaspace       used 35008K, capacity 35830K, committed 35840K, reserved 1081344K
  class space    used 4539K, capacity 4864K, committed 4864K, reserved 1048576K
}
Event: 2.806 GC heap before
{Heap before GC invocations=8 (full 0):
 garbage-first heap   total 131072K, used 86639K [0x0000000080000000, 0x0000000100000000)
  region size 1024K, 64 young (65536K), 4 survivors (4096K)
 Metaspace       used 39428K, capacity 40363K, committed 40524K, reserved 1085440K
  class space    used 5042K, capacity 5389K, committed 5452K, reserved 1048576K
}
Event: 2.811 GC heap after
{Heap after GC invocations=9 (full 0):
 garbage-first heap   total 157696K, used 27091K [0x0000000080000000, 0x0000000100000000)
  region size 1024K, 8 young (8192K), 8 survivors (8192K)
 Metaspace       used 39428K, capacity 40363K, committed 40524K, reserved 1085440K
  class space    used 5042K, capacity 5389K, committed 5452K, reserved 1048576K
}
Event: 3.398 GC heap before
{Heap before GC invocations=9 (full 0):
 garbage-first heap   total 157696K, used 100819K [0x0000000080000000, 0x0000000100000000)
  region size 1024K, 80 young (81920K), 8 survivors (8192K)
 Metaspace       used 45750K, capacity 46950K, committed 47052K, reserved 1089536K
  class space    used 5876K, capacity 6300K, committed 6348K, reserved 1048576K
}
Event: 3.403 GC heap after
{Heap after GC invocations=10 (full 0):
 garbage-first heap   total 157696K, used 30004K [0x0000000080000000, 0x0000000100000000)
  region size 1024K, 9 young (9216K), 9 survivors (9216K)
 Metaspace       used 45750K, capacity 46950K, committed 47052K, reserved 1089536K
  class space    used 5876K, capacity 6300K, committed 6348K, reserved 1048576K
}
Event: 4.488 GC heap before
{Heap before GC invocations=10 (full 0):
 garbage-first heap   total 157696K, used 107828K [0x0000000080000000, 0x0000000100000000)
  region size 1024K, 82 young (83968K), 9 survivors (9216K)
 Metaspace       used 51475K, capacity 52888K, committed 52940K, reserved 1095680K
  class space    used 6571K, capacity 7069K, committed 7116K, reserved 1048576K
}
Event: 4.495 GC heap after
{Heap after GC invocations=11 (full 0):
 garbage-first heap   total 157696K, used 42736K [0x0000000080000000, 0x0000000100000000)
  region size 1024K, 11 young (11264K), 11 survivors (11264K)
 Metaspace       used 51475K, capacity 52888K, committed 52940K, reserved 1095680K
  class space    used 6571K, capacity 7069K, committed 7116K, reserved 1048576K
}
Event: 4.953 GC heap before
{Heap before GC invocations=11 (full 0):
 garbage-first heap   total 157696K, used 85744K [0x0000000080000000, 0x0000000100000000)
  region size 1024K, 54 young (55296K), 11 survivors (11264K)
 Metaspace       used 58408K, capacity 59963K, committed 60236K, reserved 1101824K
  class space    used 7423K, capacity 7973K, committed 8012K, reserved 1048576K
}
Event: 4.964 GC heap after
{Heap after GC invocations=12 (full 0):
 garbage-first heap   total 157696K, used 46000K [0x0000000080000000, 0x0000000100000000)
  region size 1024K, 3 young (3072K), 3 survivors (3072K)
 Metaspace       used 58408K, capacity 59963K, committed 60236K, reserved 1101824K
  class space    used 7423K, capacity 7973K, committed 8012K, reserved 1048576K
}
Event: 5.391 GC heap before
{Heap before GC invocations=13 (full 0):
 garbage-first heap   total 157696K, used 106416K [0x0000000080000000, 0x0000000100000000)
  region size 1024K, 62 young (63488K), 3 survivors (3072K)
 Metaspace       used 63201K, capacity 64765K, committed 64972K, reserved 1105920K
  class space    used 8055K, capacity 8642K, committed 8652K, reserved 1048576K
}
Event: 5.396 GC heap after
{Heap after GC invocations=14 (full 0):
 garbage-first heap   total 189440K, used 50377K [0x0000000080000000, 0x0000000100000000)
  region size 1024K, 8 young (8192K), 8 survivors (8192K)
 Metaspace       used 63201K, capacity 64765K, committed 64972K, reserved 1105920K
  class space    used 8055K, capacity 8642K, committed 8652K, reserved 1048576K
}

