# JRE version: OpenJDK Runtime Environment (11.0.10) (build 11.0.10+0-b96-7249189)
# Java VM: OpenJDK 64-Bit Server VM (11.0.10+0-b96-7249189, mixed mode, tiered, compressed oops, g1 gc, windows-amd64)
Heap:
 garbage-first heap   total 189440K, used 49460K [0x0000000080000000, 0x0000000100000000)
  region size 1024K, 6 young (6144K), 6 survivors (6144K)
 Metaspace       used 62946K, capacity 64524K, committed 64896K, reserved 1105920K
  class space    used 8006K, capacity 8563K, committed 8652K, reserved 1048576K
GC Heap History (20 events):
Event: 1.246 GC heap after
{Heap after GC invocations=2 (full 0):
 garbage-first heap   total 131072K, used 16188K [0x0000000080000000, 0x0000000100000000)
  region size 1024K, 10 young (10240K), 10 survivors (10240K)
 Metaspace       used 17739K, capacity 18161K, committed 18432K, reserved 1064960K
  class space    used 2103K, capacity 2240K, committed 2304K, reserved 1048576K
}
Event: 1.377 GC heap before
{Heap before GC invocations=2 (full 0):
 garbage-first heap   total 131072K, used 36668K [0x0000000080000000, 0x0000000100000000)
  region size 1024K, 32 young (32768K), 10 survivors (10240K)
 Metaspace       used 20600K, capacity 21124K, committed 21248K, reserved 1067008K
  class space    used 2520K, capacity 2722K, committed 2816K, reserved 1048576K
}
Event: 1.383 GC heap after
{Heap after GC invocations=3 (full 0):
 garbage-first heap   total 131072K, used 17023K [0x0000000080000000, 0x0000000100000000)
  region size 1024K, 1 young (1024K), 1 survivors (1024K)
 Metaspace       used 20600K, capacity 21124K, committed 21248K, reserved 1067008K
  class space    used 2520K, capacity 2722K, committed 2816K, reserved 1048576K
}
Event: 1.694 GC heap before
{Heap before GC invocations=4 (full 0):
 garbage-first heap   total 131072K, used 69247K [0x0000000080000000, 0x0000000100000000)
  region size 1024K, 53 young (54272K), 1 survivors (1024K)
 Metaspace       used 25876K, capacity 26491K, committed 26752K, reserved 1073152K
  class space    used 3389K, capacity 3601K, committed 3712K, reserved 1048576K
}
Event: 1.696 GC heap after
{Heap after GC invocations=5 (full 0):
 garbage-first heap   total 131072K, used 18753K [0x0000000080000000, 0x0000000100000000)
  region size 1024K, 3 young (3072K), 3 survivors (3072K)
 Metaspace       used 25876K, capacity 26491K, committed 26752K, reserved 1073152K
  class space    used 3389K, capacity 3601K, committed 3712K, reserved 1048576K
}
Event: 2.161 GC heap before
{Heap before GC invocations=5 (full 0):
 garbage-first heap   total 131072K, used 77121K [0x0000000080000000, 0x0000000100000000)
  region size 1024K, 60 young (61440K), 3 survivors (3072K)
 Metaspace       used 34979K, capacity 35766K, committed 35840K, reserved 1081344K
  class space    used 4542K, capacity 4864K, committed 4864K, reserved 1048576K
}
Event: 2.165 GC heap after
{Heap after GC invocations=6 (full 0):
 garbage-first heap   total 131072K, used 22251K [0x0000000080000000, 0x0000000100000000)
  region size 1024K, 6 young (6144K), 6 survivors (6144K)
 Metaspace       used 34979K, capacity 35766K, committed 35840K, reserved 1081344K
  class space    used 4542K, capacity 4864K, committed 4864K, reserved 1048576K
}
Event: 2.167 GC heap before
{Heap before GC invocations=6 (full 0):
 garbage-first heap   total 131072K, used 22251K [0x0000000080000000, 0x0000000100000000)
  region size 1024K, 7 young (7168K), 6 survivors (6144K)
 Metaspace       used 35037K, capacity 35830K, committed 35840K, reserved 1081344K
  class space    used 4545K, capacity 4864K, committed 4864K, reserved 1048576K
}
Event: 2.173 GC heap after
{Heap after GC invocations=7 (full 0):
 garbage-first heap   total 131072K, used 22464K [0x0000000080000000, 0x0000000100000000)
  region size 1024K, 4 young (4096K), 4 survivors (4096K)
 Metaspace       used 35037K, capacity 35830K, committed 35840K, reserved 1081344K
  class space    used 4545K, capacity 4864K, committed 4864K, reserved 1048576K
}
Event: 2.460 GC heap before
{Heap before GC invocations=8 (full 0):
 garbage-first heap   total 131072K, used 70592K [0x0000000080000000, 0x0000000100000000)
  region size 1024K, 49 young (50176K), 4 survivors (4096K)
 Metaspace       used 38585K, capacity 39503K, committed 39628K, reserved 1083392K
  class space    used 4926K, capacity 5251K, committed 5324K, reserved 1048576K
}
Event: 2.465 GC heap after
{Heap after GC invocations=9 (full 0):
 garbage-first heap   total 131072K, used 26266K [0x0000000080000000, 0x0000000100000000)
  region size 1024K, 7 young (7168K), 7 survivors (7168K)
 Metaspace       used 38585K, capacity 39503K, committed 39628K, reserved 1083392K
  class space    used 4926K, capacity 5251K, committed 5324K, reserved 1048576K
}
Event: 2.757 GC heap before
{Heap before GC invocations=9 (full 0):
 garbage-first heap   total 131072K, used 75418K [0x0000000080000000, 0x0000000100000000)
  region size 1024K, 55 young (56320K), 7 survivors (7168K)
 Metaspace       used 42840K, capacity 43860K, committed 43980K, reserved 1087488K
  class space    used 5471K, capacity 5823K, committed 5836K, reserved 1048576K
}
Event: 2.762 GC heap after
{Heap after GC invocations=10 (full 0):
 garbage-first heap   total 157696K, used 28479K [0x0000000080000000, 0x0000000100000000)
  region size 1024K, 6 young (6144K), 6 survivors (6144K)
 Metaspace       used 42840K, capacity 43860K, committed 43980K, reserved 1087488K
  class space    used 5471K, capacity 5823K, committed 5836K, reserved 1048576K
}
Event: 3.136 GC heap before
{Heap before GC invocations=10 (full 0):
 garbage-first heap   total 157696K, used 91967K [0x0000000080000000, 0x0000000100000000)
  region size 1024K, 68 young (69632K), 6 survivors (6144K)
 Metaspace       used 46754K, capacity 47999K, committed 48204K, reserved 1091584K
  class space    used 6002K, capacity 6456K, committed 6476K, reserved 1048576K
}
Event: 3.140 GC heap after
{Heap after GC invocations=11 (full 0):
 garbage-first heap   total 157696K, used 32113K [0x0000000080000000, 0x0000000100000000)
  region size 1024K, 6 young (6144K), 6 survivors (6144K)
 Metaspace       used 46754K, capacity 47999K, committed 48204K, reserved 1091584K
  class space    used 6002K, capacity 6456K, committed 6476K, reserved 1048576K
}
Event: 3.605 GC heap before
{Heap before GC invocations=11 (full 0):
 garbage-first heap   total 157696K, used 100721K [0x0000000080000000, 0x0000000100000000)
  region size 1024K, 70 young (71680K), 6 survivors (6144K)
 Metaspace       used 53268K, capacity 54707K, committed 54988K, reserved 1097728K
  class space    used 6820K, capacity 7313K, committed 7372K, reserved 1048576K
}
Event: 3.611 GC heap after
{Heap after GC invocations=12 (full 0):
 garbage-first heap   total 157696K, used 43888K [0x0000000080000000, 0x0000000100000000)
  region size 1024K, 9 young (9216K), 9 survivors (9216K)
 Metaspace       used 53268K, capacity 54707K, committed 54988K, reserved 1097728K
  class space    used 6820K, capacity 7313K, committed 7372K, reserved 1048576K
}
Event: 3.887 GC heap before
{Heap before GC invocations=12 (full 0):
 garbage-first heap   total 157696K, used 74608K [0x0000000080000000, 0x0000000100000000)
  region size 1024K, 40 young (40960K), 9 survivors (9216K)
 Metaspace       used 58481K, capacity 60063K, committed 60288K, reserved 1101824K
  class space    used 7443K, capacity 8008K, committed 8140K, reserved 1048576K
}
Event: 3.896 GC heap after
{Heap after GC invocations=13 (full 0):
 garbage-first heap   total 157696K, used 46001K [0x0000000080000000, 0x0000000100000000)
  region size 1024K, 3 young (3072K), 3 survivors (3072K)
 Metaspace       used 58481K, capacity 60063K, committed 60288K, reserved 1101824K
  class space    used 7443K, capacity 8008K, committed 8140K, reserved 1048576K
}
Event: 4.265 GC heap before
{Heap before GC invocations=14 (full 0):
 garbage-first heap   total 157696K, used 99249K [0x0000000080000000, 0x0000000100000000)
  region size 1024K, 55 young (56320K), 3 survivors (3072K)
 Metaspace       used 62946K, capacity 64524K, committed 64896K, reserved 1105920K
  class space    used 8006K, capacity 8563K, committed 8652K, reserved 1048576K
}

