# JRE version: OpenJDK Runtime Environment (11.0.10) (build 11.0.10+0-b96-7249189)
# Java VM: OpenJDK 64-Bit Server VM (11.0.10+0-b96-7249189, mixed mode, tiered, compressed oops, g1 gc, windows-amd64)
Heap:
 garbage-first heap   total 227328K, used 94633K [0x0000000080000000, 0x0000000100000000)
  region size 1024K, 9 young (9216K), 9 survivors (9216K)
 Metaspace       used 84038K, capacity 86345K, committed 86604K, reserved 1124352K
  class space    used 10963K, capacity 11820K, committed 11852K, reserved 1048576K
GC Heap History (20 events):
Event: 2.256 GC heap after
{Heap after GC invocations=6 (full 0):
 garbage-first heap   total 131072K, used 22001K [0x0000000080000000, 0x0000000100000000)
  region size 1024K, 6 young (6144K), 6 survivors (6144K)
 Metaspace       used 35012K, capacity 35830K, committed 35840K, reserved 1081344K
  class space    used 4540K, capacity 4864K, committed 4864K, reserved 1048576K
}
Event: 2.624 GC heap before
{Heap before GC invocations=7 (full 0):
 garbage-first heap   total 131072K, used 87537K [0x0000000080000000, 0x0000000100000000)
  region size 1024K, 68 young (69632K), 6 survivors (6144K)
 Metaspace       used 39522K, capacity 40462K, committed 40524K, reserved 1085440K
  class space    used 5062K, capacity 5422K, committed 5452K, reserved 1048576K
}
Event: 2.629 GC heap after
{Heap after GC invocations=8 (full 0):
 garbage-first heap   total 131072K, used 27108K [0x0000000080000000, 0x0000000100000000)
  region size 1024K, 9 young (9216K), 9 survivors (9216K)
 Metaspace       used 39522K, capacity 40462K, committed 40524K, reserved 1085440K
  class space    used 5062K, capacity 5422K, committed 5452K, reserved 1048576K
}
Event: 3.010 GC heap before
{Heap before GC invocations=8 (full 0):
 garbage-first heap   total 131072K, used 89572K [0x0000000080000000, 0x0000000100000000)
  region size 1024K, 70 young (71680K), 9 survivors (9216K)
 Metaspace       used 45090K, capacity 46180K, committed 46412K, reserved 1089536K
  class space    used 5805K, capacity 6193K, committed 6220K, reserved 1048576K
}
Event: 3.016 GC heap after
{Heap after GC invocations=9 (full 0):
 garbage-first heap   total 157696K, used 28952K [0x0000000080000000, 0x0000000100000000)
  region size 1024K, 3 young (3072K), 3 survivors (3072K)
 Metaspace       used 45090K, capacity 46180K, committed 46412K, reserved 1089536K
  class space    used 5805K, capacity 6193K, committed 6220K, reserved 1048576K
}
Event: 3.569 GC heap before
{Heap before GC invocations=9 (full 0):
 garbage-first heap   total 157696K, used 107800K [0x0000000080000000, 0x0000000100000000)
  region size 1024K, 77 young (78848K), 3 survivors (3072K)
 Metaspace       used 50061K, capacity 51369K, committed 51532K, reserved 1093632K
  class space    used 6407K, capacity 6861K, committed 6988K, reserved 1048576K
}
Event: 3.574 GC heap after
{Heap after GC invocations=10 (full 0):
 garbage-first heap   total 157696K, used 42346K [0x0000000080000000, 0x0000000100000000)
  region size 1024K, 10 young (10240K), 10 survivors (10240K)
 Metaspace       used 50061K, capacity 51369K, committed 51532K, reserved 1093632K
  class space    used 6407K, capacity 6861K, committed 6988K, reserved 1048576K
}
Event: 4.136 GC heap before
{Heap before GC invocations=10 (full 0):
 garbage-first heap   total 157696K, used 94570K [0x0000000080000000, 0x0000000100000000)
  region size 1024K, 62 young (63488K), 10 survivors (10240K)
 Metaspace       used 58553K, capacity 60097K, committed 60236K, reserved 1101824K
  class space    used 7447K, capacity 7997K, committed 8012K, reserved 1048576K
}
Event: 4.148 GC heap after
{Heap after GC invocations=11 (full 0):
 garbage-first heap   total 157696K, used 45730K [0x0000000080000000, 0x0000000100000000)
  region size 1024K, 4 young (4096K), 4 survivors (4096K)
 Metaspace       used 58553K, capacity 60097K, committed 60236K, reserved 1101824K
  class space    used 7447K, capacity 7997K, committed 8012K, reserved 1048576K
}
Event: 4.572 GC heap before
{Heap before GC invocations=12 (full 0):
 garbage-first heap   total 157696K, used 109218K [0x0000000080000000, 0x0000000100000000)
  region size 1024K, 66 young (67584K), 4 survivors (4096K)
 Metaspace       used 63176K, capacity 64838K, committed 65100K, reserved 1105920K
  class space    used 8059K, capacity 8668K, committed 8780K, reserved 1048576K
}
Event: 4.579 GC heap after
{Heap after GC invocations=13 (full 0):
 garbage-first heap   total 157696K, used 50660K [0x0000000080000000, 0x0000000100000000)
  region size 1024K, 9 young (9216K), 9 survivors (9216K)
 Metaspace       used 63176K, capacity 64838K, committed 65100K, reserved 1105920K
  class space    used 8059K, capacity 8668K, committed 8780K, reserved 1048576K
}
Event: 5.026 GC heap before
{Heap before GC invocations=13 (full 0):
 garbage-first heap   total 157696K, used 113124K [0x0000000080000000, 0x0000000100000000)
  region size 1024K, 70 young (71680K), 9 survivors (9216K)
 Metaspace       used 68850K, capacity 70440K, committed 70476K, reserved 1110016K
  class space    used 8939K, capacity 9542K, committed 9548K, reserved 1048576K
}
Event: 5.033 GC heap after
{Heap after GC invocations=14 (full 0):
 garbage-first heap   total 189440K, used 55089K [0x0000000080000000, 0x0000000100000000)
  region size 1024K, 5 young (5120K), 5 survivors (5120K)
 Metaspace       used 68850K, capacity 70440K, committed 70476K, reserved 1110016K
  class space    used 8939K, capacity 9542K, committed 9548K, reserved 1048576K
}
Event: 5.923 GC heap before
{Heap before GC invocations=14 (full 0):
 garbage-first heap   total 189440K, used 132913K [0x0000000080000000, 0x0000000100000000)
  region size 1024K, 81 young (82944K), 5 survivors (5120K)
 Metaspace       used 76824K, capacity 78759K, committed 78924K, reserved 1118208K
  class space    used 10060K, capacity 10731K, committed 10828K, reserved 1048576K
}
Event: 5.930 GC heap after
{Heap after GC invocations=15 (full 0):
 garbage-first heap   total 189440K, used 59639K [0x0000000080000000, 0x0000000100000000)
  region size 1024K, 10 young (10240K), 10 survivors (10240K)
 Metaspace       used 76824K, capacity 78759K, committed 78924K, reserved 1118208K
  class space    used 10060K, capacity 10731K, committed 10828K, reserved 1048576K
}
Event: 6.481 GC heap before
{Heap before GC invocations=15 (full 0):
 garbage-first heap   total 189440K, used 136439K [0x0000000080000000, 0x0000000100000000)
  region size 1024K, 86 young (88064K), 10 survivors (10240K)
 Metaspace       used 79369K, capacity 81660K, committed 81740K, reserved 1120256K
  class space    used 10464K, capacity 11315K, committed 11340K, reserved 1048576K
}
Event: 6.489 GC heap after
{Heap after GC invocations=16 (full 0):
 garbage-first heap   total 189440K, used 65059K [0x0000000080000000, 0x0000000100000000)
  region size 1024K, 11 young (11264K), 11 survivors (11264K)
 Metaspace       used 79369K, capacity 81660K, committed 81740K, reserved 1120256K
  class space    used 10464K, capacity 11315K, committed 11340K, reserved 1048576K
}
Event: 7.020 GC heap before
{Heap before GC invocations=16 (full 0):
 garbage-first heap   total 189440K, used 142883K [0x0000000080000000, 0x0000000100000000)
  region size 1024K, 86 young (88064K), 11 survivors (11264K)
 Metaspace       used 81755K, capacity 84138K, committed 84300K, reserved 1122304K
  class space    used 10678K, capacity 11554K, committed 11596K, reserved 1048576K
}
Event: 7.038 GC heap after
{Heap after GC invocations=17 (full 0):
 garbage-first heap   total 189440K, used 81028K [0x0000000080000000, 0x0000000100000000)
  region size 1024K, 11 young (11264K), 11 survivors (11264K)
 Metaspace       used 81755K, capacity 84138K, committed 84300K, reserved 1122304K
  class space    used 10678K, capacity 11554K, committed 11596K, reserved 1048576K
}
Event: 7.403 GC heap before
{Heap before GC invocations=17 (full 0):
 garbage-first heap   total 189440K, used 115844K [0x0000000080000000, 0x0000000100000000)
  region size 1024K, 33 young (33792K), 11 survivors (11264K)
 Metaspace       used 84038K, capacity 86345K, committed 86604K, reserved 1124352K
  class space    used 10963K, capacity 11820K, committed 11852K, reserved 1048576K
}

