# JRE version: OpenJDK Runtime Environment (11.0.10) (build 11.0.10+0-b96-7249189)
# Java VM: OpenJDK 64-Bit Server VM (11.0.10+0-b96-7249189, mixed mode, tiered, compressed oops, g1 gc, windows-amd64)
Heap:
 garbage-first heap   total 189440K, used 119027K [0x0000000080000000, 0x0000000100000000)
  region size 1024K, 20 young (20480K), 7 survivors (7168K)
 Metaspace       used 100595K, capacity 103403K, committed 104780K, reserved 1140736K
  class space    used 12949K, capacity 13981K, committed 14464K, reserved 1048576K
GC Heap History (20 events):
Event: 6.519 GC heap before
{Heap before GC invocations=20 (full 0):
 garbage-first heap   total 157696K, used 122953K [0x0000000080000000, 0x0000000100000000)
  region size 1024K, 45 young (46080K), 4 survivors (4096K)
 Metaspace       used 75939K, capacity 77921K, committed 78156K, reserved 1116160K
  class space    used 9886K, capacity 10538K, committed 10624K, reserved 1048576K
}
Event: 6.523 GC heap after
{Heap after GC invocations=21 (full 0):
 garbage-first heap   total 157696K, used 83471K [0x0000000080000000, 0x0000000100000000)
  region size 1024K, 3 young (3072K), 3 survivors (3072K)
 Metaspace       used 75939K, capacity 77921K, committed 78156K, reserved 1116160K
  class space    used 9886K, capacity 10538K, committed 10624K, reserved 1048576K
}
Event: 6.822 GC heap before
{Heap before GC invocations=22 (full 0):
 garbage-first heap   total 157696K, used 125455K [0x0000000080000000, 0x0000000100000000)
  region size 1024K, 44 young (45056K), 3 survivors (3072K)
 Metaspace       used 79490K, capacity 81550K, committed 81740K, reserved 1120256K
  class space    used 10385K, capacity 11122K, committed 11136K, reserved 1048576K
}
Event: 6.825 GC heap after
{Heap after GC invocations=23 (full 0):
 garbage-first heap   total 157696K, used 85144K [0x0000000080000000, 0x0000000100000000)
  region size 1024K, 5 young (5120K), 5 survivors (5120K)
 Metaspace       used 79490K, capacity 81550K, committed 81740K, reserved 1120256K
  class space    used 10385K, capacity 11122K, committed 11136K, reserved 1048576K
}
Event: 7.186 GC heap before
{Heap before GC invocations=23 (full 0):
 garbage-first heap   total 157696K, used 127128K [0x0000000080000000, 0x0000000100000000)
  region size 1024K, 46 young (47104K), 5 survivors (5120K)
 Metaspace       used 81099K, capacity 83359K, committed 83532K, reserved 1122304K
  class space    used 10600K, capacity 11358K, committed 11392K, reserved 1048576K
}
Event: 7.191 GC heap after
{Heap after GC invocations=24 (full 0):
 garbage-first heap   total 157696K, used 88150K [0x0000000080000000, 0x0000000100000000)
  region size 1024K, 5 young (5120K), 5 survivors (5120K)
 Metaspace       used 81099K, capacity 83359K, committed 83532K, reserved 1122304K
  class space    used 10600K, capacity 11358K, committed 11392K, reserved 1048576K
}
Event: 7.269 GC heap before
{Heap before GC invocations=25 (full 0):
 garbage-first heap   total 157696K, used 92246K [0x0000000080000000, 0x0000000100000000)
  region size 1024K, 11 young (11264K), 5 survivors (5120K)
 Metaspace       used 81814K, capacity 84063K, committed 84172K, reserved 1122304K
  class space    used 10667K, capacity 11422K, committed 11520K, reserved 1048576K
}
Event: 7.274 GC heap after
{Heap after GC invocations=26 (full 0):
 garbage-first heap   total 189440K, used 89667K [0x0000000080000000, 0x0000000100000000)
  region size 1024K, 5 young (5120K), 5 survivors (5120K)
 Metaspace       used 81814K, capacity 84063K, committed 84172K, reserved 1122304K
  class space    used 10667K, capacity 11422K, committed 11520K, reserved 1048576K
}
Event: 7.714 GC heap before
{Heap before GC invocations=27 (full 0):
 garbage-first heap   total 189440K, used 137795K [0x0000000080000000, 0x0000000100000000)
  region size 1024K, 51 young (52224K), 5 survivors (5120K)
 Metaspace       used 88593K, capacity 90869K, committed 91084K, reserved 1128448K
  class space    used 11470K, capacity 12205K, committed 12288K, reserved 1048576K
}
Event: 7.718 GC heap after
{Heap after GC invocations=28 (full 0):
 garbage-first heap   total 189440K, used 91304K [0x0000000080000000, 0x0000000100000000)
  region size 1024K, 4 young (4096K), 4 survivors (4096K)
 Metaspace       used 88593K, capacity 90869K, committed 91084K, reserved 1128448K
  class space    used 11470K, capacity 12205K, committed 12288K, reserved 1048576K
}
Event: 8.356 GC heap before
{Heap before GC invocations=28 (full 0):
 garbage-first heap   total 189440K, used 140456K [0x0000000080000000, 0x0000000100000000)
  region size 1024K, 52 young (53248K), 4 survivors (4096K)
 Metaspace       used 92150K, capacity 95002K, committed 95180K, reserved 1132544K
  class space    used 12062K, capacity 13053K, committed 13056K, reserved 1048576K
}
Event: 8.360 GC heap after
{Heap after GC invocations=29 (full 0):
 garbage-first heap   total 189440K, used 94203K [0x0000000080000000, 0x0000000100000000)
  region size 1024K, 6 young (6144K), 6 survivors (6144K)
 Metaspace       used 92150K, capacity 95002K, committed 95180K, reserved 1132544K
  class space    used 12062K, capacity 13053K, committed 13056K, reserved 1048576K
}
Event: 8.535 GC heap before
{Heap before GC invocations=30 (full 0):
 garbage-first heap   total 189440K, used 144379K [0x0000000080000000, 0x0000000100000000)
  region size 1024K, 56 young (57344K), 6 survivors (6144K)
 Metaspace       used 92575K, capacity 95382K, committed 95564K, reserved 1132544K
  class space    used 12087K, capacity 13084K, committed 13184K, reserved 1048576K
}
Event: 8.541 GC heap after
{Heap after GC invocations=31 (full 0):
 garbage-first heap   total 189440K, used 97316K [0x0000000080000000, 0x0000000100000000)
  region size 1024K, 7 young (7168K), 7 survivors (7168K)
 Metaspace       used 92575K, capacity 95382K, committed 95564K, reserved 1132544K
  class space    used 12087K, capacity 13084K, committed 13184K, reserved 1048576K
}
Event: 8.829 GC heap before
{Heap before GC invocations=31 (full 0):
 garbage-first heap   total 189440K, used 147492K [0x0000000080000000, 0x0000000100000000)
  region size 1024K, 57 young (58368K), 7 survivors (7168K)
 Metaspace       used 93612K, capacity 96549K, committed 96588K, reserved 1132544K
  class space    used 12167K, capacity 13178K, committed 13184K, reserved 1048576K
}
Event: 8.835 GC heap after
{Heap after GC invocations=32 (full 0):
 garbage-first heap   total 189440K, used 100111K [0x0000000080000000, 0x0000000100000000)
  region size 1024K, 7 young (7168K), 7 survivors (7168K)
 Metaspace       used 93612K, capacity 96549K, committed 96588K, reserved 1132544K
  class space    used 12167K, capacity 13178K, committed 13184K, reserved 1048576K
}
Event: 9.429 GC heap before
{Heap before GC invocations=33 (full 0):
 garbage-first heap   total 189440K, used 151311K [0x0000000080000000, 0x0000000100000000)
  region size 1024K, 57 young (58368K), 7 survivors (7168K)
 Metaspace       used 97776K, capacity 100865K, committed 101196K, reserved 1136640K
  class space    used 12739K, capacity 13875K, committed 13952K, reserved 1048576K
}
Event: 9.434 GC heap after
{Heap after GC invocations=34 (full 0):
 garbage-first heap   total 189440K, used 102680K [0x0000000080000000, 0x0000000100000000)
  region size 1024K, 6 young (6144K), 6 survivors (6144K)
 Metaspace       used 97776K, capacity 100865K, committed 101196K, reserved 1136640K
  class space    used 12739K, capacity 13875K, committed 13952K, reserved 1048576K
}
Event: 27.040 GC heap before
{Heap before GC invocations=34 (full 0):
 garbage-first heap   total 189440K, used 153880K [0x0000000080000000, 0x0000000100000000)
  region size 1024K, 56 young (57344K), 6 survivors (6144K)
 Metaspace       used 100730K, capacity 104050K, committed 104268K, reserved 1138688K
  class space    used 13113K, capacity 14359K, committed 14464K, reserved 1048576K
}
Event: 27.050 GC heap after
{Heap after GC invocations=35 (full 0):
 garbage-first heap   total 189440K, used 106739K [0x0000000080000000, 0x0000000100000000)
  region size 1024K, 7 young (7168K), 7 survivors (7168K)
 Metaspace       used 100730K, capacity 104050K, committed 104268K, reserved 1138688K
  class space    used 13113K, capacity 14359K, committed 14464K, reserved 1048576K
}

