# JRE version: OpenJDK Runtime Environment (11.0.10) (build 11.0.10+0-b96-7249189)
# Java VM: OpenJDK 64-Bit Server VM (11.0.10+0-b96-7249189, mixed mode, tiered, compressed oops, g1 gc, windows-amd64)
Heap:
 garbage-first heap   total 157696K, used 70613K [0x0000000080000000, 0x0000000100000000)
  region size 1024K, 17 young (17408K), 6 survivors (6144K)
 Metaspace       used 49310K, capacity 50887K, committed 50944K, reserved 1093632K
  class space    used 6336K, capacity 6863K, committed 6912K, reserved 1048576K
GC Heap History (20 events):
Event: 0.422 GC heap before
{Heap before GC invocations=0 (full 0):
 garbage-first heap   total 131072K, used 29696K [0x0000000080000000, 0x0000000100000000)
  region size 1024K, 24 young (24576K), 0 survivors (0K)
 Metaspace       used 10187K, capacity 10363K, committed 10624K, reserved 1058816K
  class space    used 1065K, capacity 1141K, committed 1152K, reserved 1048576K
}
Event: 0.425 GC heap after
{Heap after GC invocations=1 (full 0):
 garbage-first heap   total 131072K, used 9185K [0x0000000080000000, 0x0000000100000000)
  region size 1024K, 3 young (3072K), 3 survivors (3072K)
 Metaspace       used 10187K, capacity 10363K, committed 10624K, reserved 1058816K
  class space    used 1065K, capacity 1141K, committed 1152K, reserved 1048576K
}
Event: 1.221 GC heap before
{Heap before GC invocations=1 (full 0):
 garbage-first heap   total 131072K, used 83937K [0x0000000080000000, 0x0000000100000000)
  region size 1024K, 76 young (77824K), 3 survivors (3072K)
 Metaspace       used 17811K, capacity 18288K, committed 18432K, reserved 1064960K
  class space    used 2114K, capacity 2251K, committed 2304K, reserved 1048576K
}
Event: 1.225 GC heap after
{Heap after GC invocations=2 (full 0):
 garbage-first heap   total 131072K, used 15810K [0x0000000080000000, 0x0000000100000000)
  region size 1024K, 10 young (10240K), 10 survivors (10240K)
 Metaspace       used 17811K, capacity 18288K, committed 18432K, reserved 1064960K
  class space    used 2114K, capacity 2251K, committed 2304K, reserved 1048576K
}
Event: 1.351 GC heap before
{Heap before GC invocations=2 (full 0):
 garbage-first heap   total 131072K, used 37314K [0x0000000080000000, 0x0000000100000000)
  region size 1024K, 32 young (32768K), 10 survivors (10240K)
 Metaspace       used 20574K, capacity 21123K, committed 21248K, reserved 1067008K
  class space    used 2514K, capacity 2733K, committed 2816K, reserved 1048576K
}
Event: 1.355 GC heap after
{Heap after GC invocations=3 (full 0):
 garbage-first heap   total 131072K, used 16671K [0x0000000080000000, 0x0000000100000000)
  region size 1024K, 1 young (1024K), 1 survivors (1024K)
 Metaspace       used 20574K, capacity 21123K, committed 21248K, reserved 1067008K
  class space    used 2514K, capacity 2733K, committed 2816K, reserved 1048576K
}
Event: 1.718 GC heap before
{Heap before GC invocations=4 (full 0):
 garbage-first heap   total 131072K, used 87327K [0x0000000080000000, 0x0000000100000000)
  region size 1024K, 60 young (61440K), 1 survivors (1024K)
 Metaspace       used 26325K, capacity 27079K, committed 27392K, reserved 1073152K
  class space    used 3462K, capacity 3741K, committed 3840K, reserved 1048576K
}
Event: 1.722 GC heap after
{Heap after GC invocations=5 (full 0):
 garbage-first heap   total 131072K, used 31863K [0x0000000080000000, 0x0000000100000000)
  region size 1024K, 6 young (6144K), 6 survivors (6144K)
 Metaspace       used 26325K, capacity 27079K, committed 27392K, reserved 1073152K
  class space    used 3462K, capacity 3741K, committed 3840K, reserved 1048576K
}
Event: 2.127 GC heap before
{Heap before GC invocations=5 (full 0):
 garbage-first heap   total 131072K, used 88183K [0x0000000080000000, 0x0000000100000000)
  region size 1024K, 61 young (62464K), 6 survivors (6144K)
 Metaspace       used 33622K, capacity 34562K, committed 34816K, reserved 1079296K
  class space    used 4422K, capacity 4767K, committed 4864K, reserved 1048576K
}
Event: 2.131 GC heap after
{Heap after GC invocations=6 (full 0):
 garbage-first heap   total 131072K, used 34637K [0x0000000080000000, 0x0000000100000000)
  region size 1024K, 3 young (3072K), 3 survivors (3072K)
 Metaspace       used 33622K, capacity 34562K, committed 34816K, reserved 1079296K
  class space    used 4422K, capacity 4767K, committed 4864K, reserved 1048576K
}
Event: 2.146 GC heap before
{Heap before GC invocations=6 (full 0):
 garbage-first heap   total 131072K, used 34637K [0x0000000080000000, 0x0000000100000000)
  region size 1024K, 4 young (4096K), 3 survivors (3072K)
 Metaspace       used 34663K, capacity 35619K, committed 35840K, reserved 1081344K
  class space    used 4532K, capacity 4863K, committed 4864K, reserved 1048576K
}
Event: 2.150 GC heap after
{Heap after GC invocations=7 (full 0):
 garbage-first heap   total 131072K, used 34761K [0x0000000080000000, 0x0000000100000000)
  region size 1024K, 3 young (3072K), 3 survivors (3072K)
 Metaspace       used 34663K, capacity 35619K, committed 35840K, reserved 1081344K
  class space    used 4532K, capacity 4863K, committed 4864K, reserved 1048576K
}
Event: 2.427 GC heap before
{Heap before GC invocations=8 (full 0):
 garbage-first heap   total 131072K, used 80841K [0x0000000080000000, 0x0000000100000000)
  region size 1024K, 46 young (47104K), 3 survivors (3072K)
 Metaspace       used 38926K, capacity 39944K, committed 40192K, reserved 1083392K
  class space    used 4976K, capacity 5363K, committed 5376K, reserved 1048576K
}
Event: 2.432 GC heap after
{Heap after GC invocations=9 (full 0):
 garbage-first heap   total 157696K, used 38355K [0x0000000080000000, 0x0000000100000000)
  region size 1024K, 6 young (6144K), 6 survivors (6144K)
 Metaspace       used 38926K, capacity 39944K, committed 40192K, reserved 1083392K
  class space    used 4976K, capacity 5363K, committed 5376K, reserved 1048576K
}
Event: 2.789 GC heap before
{Heap before GC invocations=9 (full 0):
 garbage-first heap   total 157696K, used 102867K [0x0000000080000000, 0x0000000100000000)
  region size 1024K, 60 young (61440K), 6 survivors (6144K)
 Metaspace       used 43495K, capacity 44789K, committed 44928K, reserved 1087488K
  class space    used 5483K, capacity 5907K, committed 6016K, reserved 1048576K
}
Event: 2.794 GC heap after
{Heap after GC invocations=10 (full 0):
 garbage-first heap   total 157696K, used 51319K [0x0000000080000000, 0x0000000100000000)
  region size 1024K, 8 young (8192K), 8 survivors (8192K)
 Metaspace       used 43495K, capacity 44789K, committed 44928K, reserved 1087488K
  class space    used 5483K, capacity 5907K, committed 6016K, reserved 1048576K
}
Event: 3.069 GC heap before
{Heap before GC invocations=10 (full 0):
 garbage-first heap   total 157696K, used 103543K [0x0000000080000000, 0x0000000100000000)
  region size 1024K, 59 young (60416K), 8 survivors (8192K)
 Metaspace       used 46285K, capacity 47578K, committed 47616K, reserved 1091584K
  class space    used 5916K, capacity 6368K, committed 6400K, reserved 1048576K
}
Event: 3.073 GC heap after
{Heap after GC invocations=11 (full 0):
 garbage-first heap   total 157696K, used 55376K [0x0000000080000000, 0x0000000100000000)
  region size 1024K, 5 young (5120K), 5 survivors (5120K)
 Metaspace       used 46285K, capacity 47578K, committed 47616K, reserved 1091584K
  class space    used 5916K, capacity 6368K, committed 6400K, reserved 1048576K
}
Event: 3.384 GC heap before
{Heap before GC invocations=11 (full 0):
 garbage-first heap   total 157696K, used 107600K [0x0000000080000000, 0x0000000100000000)
  region size 1024K, 57 young (58368K), 5 survivors (5120K)
 Metaspace       used 49111K, capacity 50635K, committed 50944K, reserved 1093632K
  class space    used 6307K, capacity 6825K, committed 6912K, reserved 1048576K
}
Event: 3.387 GC heap after
{Heap after GC invocations=12 (full 0):
 garbage-first heap   total 157696K, used 57301K [0x0000000080000000, 0x0000000100000000)
  region size 1024K, 6 young (6144K), 6 survivors (6144K)
 Metaspace       used 49111K, capacity 50635K, committed 50944K, reserved 1093632K
  class space    used 6307K, capacity 6825K, committed 6912K, reserved 1048576K
}

