# JRE version: OpenJDK Runtime Environment (11.0.10) (build 11.0.10+0-b96-7249189)
# Java VM: OpenJDK 64-Bit Server VM (11.0.10+0-b96-7249189, mixed mode, tiered, compressed oops, g1 gc, windows-amd64)
Heap:
 garbage-first heap   total 157696K, used 69950K [0x0000000080000000, 0x0000000100000000)
  region size 1024K, 11 young (11264K), 8 survivors (8192K)
 Metaspace       used 52115K, capacity 53708K, committed 54016K, reserved 1095680K
  class space    used 6801K, capacity 7357K, committed 7424K, reserved 1048576K
GC Heap History (20 events):
Event: 0.420 GC heap before
{Heap before GC invocations=0 (full 0):
 garbage-first heap   total 131072K, used 29696K [0x0000000080000000, 0x0000000100000000)
  region size 1024K, 24 young (24576K), 0 survivors (0K)
 Metaspace       used 10193K, capacity 10363K, committed 10624K, reserved 1058816K
  class space    used 1064K, capacity 1141K, committed 1152K, reserved 1048576K
}
Event: 0.424 GC heap after
{Heap after GC invocations=1 (full 0):
 garbage-first heap   total 131072K, used 9229K [0x0000000080000000, 0x0000000100000000)
  region size 1024K, 3 young (3072K), 3 survivors (3072K)
 Metaspace       used 10193K, capacity 10363K, committed 10624K, reserved 1058816K
  class space    used 1064K, capacity 1141K, committed 1152K, reserved 1048576K
}
Event: 1.234 GC heap before
{Heap before GC invocations=1 (full 0):
 garbage-first heap   total 131072K, used 83981K [0x0000000080000000, 0x0000000100000000)
  region size 1024K, 76 young (77824K), 3 survivors (3072K)
 Metaspace       used 17824K, capacity 18288K, committed 18432K, reserved 1064960K
  class space    used 2112K, capacity 2251K, committed 2304K, reserved 1048576K
}
Event: 1.238 GC heap after
{Heap after GC invocations=2 (full 0):
 garbage-first heap   total 131072K, used 16251K [0x0000000080000000, 0x0000000100000000)
  region size 1024K, 10 young (10240K), 10 survivors (10240K)
 Metaspace       used 17824K, capacity 18288K, committed 18432K, reserved 1064960K
  class space    used 2112K, capacity 2251K, committed 2304K, reserved 1048576K
}
Event: 1.369 GC heap before
{Heap before GC invocations=2 (full 0):
 garbage-first heap   total 131072K, used 37755K [0x0000000080000000, 0x0000000100000000)
  region size 1024K, 32 young (32768K), 10 survivors (10240K)
 Metaspace       used 20589K, capacity 21091K, committed 21248K, reserved 1067008K
  class space    used 2512K, capacity 2701K, committed 2816K, reserved 1048576K
}
Event: 1.373 GC heap after
{Heap after GC invocations=3 (full 0):
 garbage-first heap   total 131072K, used 16896K [0x0000000080000000, 0x0000000100000000)
  region size 1024K, 1 young (1024K), 1 survivors (1024K)
 Metaspace       used 20589K, capacity 21091K, committed 21248K, reserved 1067008K
  class space    used 2512K, capacity 2701K, committed 2816K, reserved 1048576K
}
Event: 1.680 GC heap before
{Heap before GC invocations=4 (full 0):
 garbage-first heap   total 131072K, used 67072K [0x0000000080000000, 0x0000000100000000)
  region size 1024K, 51 young (52224K), 1 survivors (1024K)
 Metaspace       used 25933K, capacity 26573K, committed 26752K, reserved 1073152K
  class space    used 3397K, capacity 3640K, committed 3712K, reserved 1048576K
}
Event: 1.683 GC heap after
{Heap after GC invocations=5 (full 0):
 garbage-first heap   total 131072K, used 18646K [0x0000000080000000, 0x0000000100000000)
  region size 1024K, 3 young (3072K), 3 survivors (3072K)
 Metaspace       used 25933K, capacity 26573K, committed 26752K, reserved 1073152K
  class space    used 3397K, capacity 3640K, committed 3712K, reserved 1048576K
}
Event: 2.054 GC heap before
{Heap before GC invocations=5 (full 0):
 garbage-first heap   total 131072K, used 86230K [0x0000000080000000, 0x0000000100000000)
  region size 1024K, 59 young (60416K), 3 survivors (3072K)
 Metaspace       used 31429K, capacity 32295K, committed 32512K, reserved 1077248K
  class space    used 4257K, capacity 4564K, committed 4608K, reserved 1048576K
}
Event: 2.057 GC heap after
{Heap after GC invocations=6 (full 0):
 garbage-first heap   total 131072K, used 33685K [0x0000000080000000, 0x0000000100000000)
  region size 1024K, 8 young (8192K), 8 survivors (8192K)
 Metaspace       used 31429K, capacity 32295K, committed 32512K, reserved 1077248K
  class space    used 4257K, capacity 4564K, committed 4608K, reserved 1048576K
}
Event: 2.181 GC heap before
{Heap before GC invocations=6 (full 0):
 garbage-first heap   total 131072K, used 41877K [0x0000000080000000, 0x0000000100000000)
  region size 1024K, 17 young (17408K), 8 survivors (8192K)
 Metaspace       used 34784K, capacity 35715K, committed 35840K, reserved 1081344K
  class space    used 4554K, capacity 4895K, committed 4992K, reserved 1048576K
}
Event: 2.189 GC heap after
{Heap after GC invocations=7 (full 0):
 garbage-first heap   total 131072K, used 35666K [0x0000000080000000, 0x0000000100000000)
  region size 1024K, 2 young (2048K), 2 survivors (2048K)
 Metaspace       used 34784K, capacity 35715K, committed 35840K, reserved 1081344K
  class space    used 4554K, capacity 4895K, committed 4992K, reserved 1048576K
}
Event: 2.535 GC heap before
{Heap before GC invocations=8 (full 0):
 garbage-first heap   total 131072K, used 91986K [0x0000000080000000, 0x0000000100000000)
  region size 1024K, 55 young (56320K), 2 survivors (2048K)
 Metaspace       used 39915K, capacity 41030K, committed 41216K, reserved 1085440K
  class space    used 5131K, capacity 5535K, committed 5632K, reserved 1048576K
}
Event: 2.538 GC heap after
{Heap after GC invocations=9 (full 0):
 garbage-first heap   total 131072K, used 39322K [0x0000000080000000, 0x0000000100000000)
  region size 1024K, 6 young (6144K), 6 survivors (6144K)
 Metaspace       used 39915K, capacity 41030K, committed 41216K, reserved 1085440K
  class space    used 5131K, capacity 5535K, committed 5632K, reserved 1048576K
}
Event: 2.883 GC heap before
{Heap before GC invocations=9 (full 0):
 garbage-first heap   total 131072K, used 101786K [0x0000000080000000, 0x0000000100000000)
  region size 1024K, 59 young (60416K), 6 survivors (6144K)
 Metaspace       used 43975K, capacity 45205K, committed 45440K, reserved 1089536K
  class space    used 5549K, capacity 5981K, committed 6016K, reserved 1048576K
}
Event: 2.888 GC heap after
{Heap after GC invocations=10 (full 0):
 garbage-first heap   total 157696K, used 52127K [0x0000000080000000, 0x0000000100000000)
  region size 1024K, 8 young (8192K), 8 survivors (8192K)
 Metaspace       used 43975K, capacity 45205K, committed 45440K, reserved 1089536K
  class space    used 5549K, capacity 5981K, committed 6016K, reserved 1048576K
}
Event: 3.216 GC heap before
{Heap before GC invocations=10 (full 0):
 garbage-first heap   total 157696K, used 113567K [0x0000000080000000, 0x0000000100000000)
  region size 1024K, 68 young (69632K), 8 survivors (8192K)
 Metaspace       used 47406K, capacity 48831K, committed 48896K, reserved 1091584K
  class space    used 6116K, capacity 6592K, committed 6656K, reserved 1048576K
}
Event: 3.221 GC heap after
{Heap after GC invocations=11 (full 0):
 garbage-first heap   total 157696K, used 56172K [0x0000000080000000, 0x0000000100000000)
  region size 1024K, 4 young (4096K), 4 survivors (4096K)
 Metaspace       used 47406K, capacity 48831K, committed 48896K, reserved 1091584K
  class space    used 6116K, capacity 6592K, committed 6656K, reserved 1048576K
}
Event: 3.622 GC heap before
{Heap before GC invocations=11 (full 0):
 garbage-first heap   total 157696K, used 119660K [0x0000000080000000, 0x0000000100000000)
  region size 1024K, 63 young (64512K), 4 survivors (4096K)
 Metaspace       used 51806K, capacity 53388K, committed 53632K, reserved 1095680K
  class space    used 6776K, capacity 7293K, committed 7296K, reserved 1048576K
}
Event: 3.627 GC heap after
{Heap after GC invocations=12 (full 0):
 garbage-first heap   total 157696K, used 67902K [0x0000000080000000, 0x0000000100000000)
  region size 1024K, 8 young (8192K), 8 survivors (8192K)
 Metaspace       used 51806K, capacity 53388K, committed 53632K, reserved 1095680K
  class space    used 6776K, capacity 7293K, committed 7296K, reserved 1048576K
}

